Restore Archived Project report for SOPC_edge
Wed Mar 16 08:45:36 2016
Quartus II 32-bit Version 13.0.1 Build 232 06/12/2013 Service Pack 1 SJ Web Edition


---------------------
; Table of Contents ;
---------------------
  1. Legal Notice
  2. Restore Archived Project Summary
  3. Restore Archived Project Messages
  4. Files Restored
  5. Files Not Restored



----------------
; Legal Notice ;
----------------
Copyright (C) 1991-2013 Altera Corporation
Your use of Altera Corporation's design tools, logic functions 
and other software and tools, and its AMPP partner logic 
functions, and any output files from any of the foregoing 
(including device programming or simulation files), and any 
associated documentation or information are expressly subject 
to the terms and conditions of the Altera Program License 
Subscription Agreement, Altera MegaCore Function License 
Agreement, or other applicable license agreement, including, 
without limitation, that your use is for the sole purpose of 
programming logic devices manufactured by Altera and sold by 
Altera or its authorized distributors.  Please refer to the 
applicable agreement for further details.



+-------------------------------------------------------------------------+
; Restore Archived Project Summary                                        ;
+---------------------------------+---------------------------------------+
; Restore Archived Project Status ; Successful - Wed Mar 16 08:45:36 2016 ;
; Revision Name                   ; SOPC_edge                             ;
; Top-level Entity Name           ; Video_Edge_Detection                  ;
; Family                          ; Cyclone II                            ;
+---------------------------------+---------------------------------------+


+-----------------------------------+
; Restore Archived Project Messages ;
+-----------------------------------+
Info: Successfully restored 'Y:/Desktop/ETDSPC/DE2_VideoEdge/SOPC_edge_D5M_05032014.qar' into the 'Y:/Desktop/ETDSPC/DE2_VideoEdge/SOPC_edge_D5M_05032014_restored/' directory
Info: Generated report 'SOPC_edge.restore.rpt'
Info (23030): Evaluation of Tcl script c:/altera/13.0sp1/quartus/common/tcl/apps/qpm/qar.tcl was successful
Info: Quartus II 32-bit Shell was successful. 0 errors, 140 warnings
    Info: Peak virtual memory: 239 megabytes
    Info: Processing ended: Wed Mar 16 08:45:37 2016
    Info: Elapsed time: 00:00:03
    Info: Total CPU time (on all processors): 00:00:02


+-------------------------+
; Files Restored          ;
+-------------------------+
; File Name               ;
+-------------------------+
; output_files/Chain1.cdf ;
; output_files/Chain2.cdf ;
+-------------------------+


+--------------------------------------------------------------------------------------------+
; Files Not Restored                                                                         ;
+--------------------------------------------------------------------------------------------+
; File Name                                                                                  ;
+--------------------------------------------------------------------------------------------+
; SOPC_Video.cmp                                                                             ;
; SOPC_Video.qsys                                                                            ;
; SOPC_Video.sopcinfo                                                                        ;
; SOPC_Video/synthesis/SOPC_Video.qip                                                        ;
; SOPC_Video/synthesis/SOPC_Video.v                                                          ;
; SOPC_Video/synthesis/submodules/Altera_UP_SD_CRC16_Generator.vhd                           ;
; SOPC_Video/synthesis/submodules/Altera_UP_SD_CRC7_Generator.vhd                            ;
; SOPC_Video/synthesis/submodules/Altera_UP_SD_Card_48_bit_Command_Generator.vhd             ;
; SOPC_Video/synthesis/submodules/Altera_UP_SD_Card_Avalon_Interface.vhd                     ;
; SOPC_Video/synthesis/submodules/Altera_UP_SD_Card_Buffer.vhd                               ;
; SOPC_Video/synthesis/submodules/Altera_UP_SD_Card_Clock.vhd                                ;
; SOPC_Video/synthesis/submodules/Altera_UP_SD_Card_Control_FSM.vhd                          ;
; SOPC_Video/synthesis/submodules/Altera_UP_SD_Card_Interface.vhd                            ;
; SOPC_Video/synthesis/submodules/Altera_UP_SD_Card_Memory_Block.bsf                         ;
; SOPC_Video/synthesis/submodules/Altera_UP_SD_Card_Memory_Block.cmp                         ;
; SOPC_Video/synthesis/submodules/Altera_UP_SD_Card_Memory_Block.qip                         ;
; SOPC_Video/synthesis/submodules/Altera_UP_SD_Card_Memory_Block.vhd                         ;
; SOPC_Video/synthesis/submodules/Altera_UP_SD_Card_Response_Receiver.vhd                    ;
; SOPC_Video/synthesis/submodules/Altera_UP_SD_Signal_Trigger.vhd                            ;
; SOPC_Video/synthesis/submodules/SOPC_Video_AV_Config.v                                     ;
; SOPC_Video/synthesis/submodules/SOPC_Video_CPU.ocp                                         ;
; SOPC_Video/synthesis/submodules/SOPC_Video_CPU.sdc                                         ;
; SOPC_Video/synthesis/submodules/SOPC_Video_CPU.v                                           ;
; SOPC_Video/synthesis/submodules/SOPC_Video_CPU_custom_instruction_master_multi_xconnect.sv ;
; SOPC_Video/synthesis/submodules/SOPC_Video_CPU_ic_tag_ram.mif                              ;
; SOPC_Video/synthesis/submodules/SOPC_Video_CPU_jtag_debug_module_sysclk.v                  ;
; SOPC_Video/synthesis/submodules/SOPC_Video_CPU_jtag_debug_module_tck.v                     ;
; SOPC_Video/synthesis/submodules/SOPC_Video_CPU_jtag_debug_module_wrapper.v                 ;
; SOPC_Video/synthesis/submodules/SOPC_Video_CPU_mult_cell.v                                 ;
; SOPC_Video/synthesis/submodules/SOPC_Video_CPU_oci_test_bench.v                            ;
; SOPC_Video/synthesis/submodules/SOPC_Video_CPU_ociram_default_contents.mif                 ;
; SOPC_Video/synthesis/submodules/SOPC_Video_CPU_rf_ram_a.mif                                ;
; SOPC_Video/synthesis/submodules/SOPC_Video_CPU_rf_ram_b.mif                                ;
; SOPC_Video/synthesis/submodules/SOPC_Video_CPU_test_bench.v                                ;
; SOPC_Video/synthesis/submodules/SOPC_Video_Clock_Signals.v                                 ;
; SOPC_Video/synthesis/submodules/SOPC_Video_Dual_Clock_FIFO.v                               ;
; SOPC_Video/synthesis/submodules/SOPC_Video_Onchip_Memory.hex                               ;
; SOPC_Video/synthesis/submodules/SOPC_Video_Onchip_Memory.v                                 ;
; SOPC_Video/synthesis/submodules/SOPC_Video_Pixel_Buffer.v                                  ;
; SOPC_Video/synthesis/submodules/SOPC_Video_Pixel_Buffer_DMA.v                              ;
; SOPC_Video/synthesis/submodules/SOPC_Video_Pixel_RGB_Resampler.v                           ;
; SOPC_Video/synthesis/submodules/SOPC_Video_VGA_Controller.v                                ;
; SOPC_Video/synthesis/submodules/SOPC_Video_Video_DMA.v                                     ;
; SOPC_Video/synthesis/submodules/SOPC_Video_Video_In_Decoder.v                              ;
; SOPC_Video/synthesis/submodules/SOPC_Video_addr_router.sv                                  ;
; SOPC_Video/synthesis/submodules/SOPC_Video_addr_router_001.sv                              ;
; SOPC_Video/synthesis/submodules/SOPC_Video_addr_router_002.sv                              ;
; SOPC_Video/synthesis/submodules/SOPC_Video_cmd_xbar_demux.sv                               ;
; SOPC_Video/synthesis/submodules/SOPC_Video_cmd_xbar_demux_001.sv                           ;
; SOPC_Video/synthesis/submodules/SOPC_Video_cmd_xbar_demux_002.sv                           ;
; SOPC_Video/synthesis/submodules/SOPC_Video_cmd_xbar_mux.sv                                 ;
; SOPC_Video/synthesis/submodules/SOPC_Video_cmd_xbar_mux_002.sv                             ;
; SOPC_Video/synthesis/submodules/SOPC_Video_cmd_xbar_mux_003.sv                             ;
; SOPC_Video/synthesis/submodules/SOPC_Video_id_router.sv                                    ;
; SOPC_Video/synthesis/submodules/SOPC_Video_id_router_002.sv                                ;
; SOPC_Video/synthesis/submodules/SOPC_Video_id_router_003.sv                                ;
; SOPC_Video/synthesis/submodules/SOPC_Video_id_router_004.sv                                ;
; SOPC_Video/synthesis/submodules/SOPC_Video_irq_mapper.sv                                   ;
; SOPC_Video/synthesis/submodules/SOPC_Video_jtag_uart_0.v                                   ;
; SOPC_Video/synthesis/submodules/SOPC_Video_jtag_uart_0_input_mutex.dat                     ;
; SOPC_Video/synthesis/submodules/SOPC_Video_jtag_uart_0_input_stream.dat                    ;
; SOPC_Video/synthesis/submodules/SOPC_Video_jtag_uart_0_output_stream.dat                   ;
; SOPC_Video/synthesis/submodules/SOPC_Video_lcd.v                                           ;
; SOPC_Video/synthesis/submodules/SOPC_Video_red_leds.v                                      ;
; SOPC_Video/synthesis/submodules/SOPC_Video_rsp_xbar_demux.sv                               ;
; SOPC_Video/synthesis/submodules/SOPC_Video_rsp_xbar_demux_002.sv                           ;
; SOPC_Video/synthesis/submodules/SOPC_Video_rsp_xbar_demux_003.sv                           ;
; SOPC_Video/synthesis/submodules/SOPC_Video_rsp_xbar_demux_004.sv                           ;
; SOPC_Video/synthesis/submodules/SOPC_Video_rsp_xbar_mux.sv                                 ;
; SOPC_Video/synthesis/submodules/SOPC_Video_rsp_xbar_mux_001.sv                             ;
; SOPC_Video/synthesis/submodules/SOPC_Video_sdram_0.v                                       ;
; SOPC_Video/synthesis/submodules/SOPC_Video_switch.v                                        ;
; SOPC_Video/synthesis/submodules/SOPC_Video_sysid_qsys_0.v                                  ;
; SOPC_Video/synthesis/submodules/SOPC_Video_timer_system.v                                  ;
; SOPC_Video/synthesis/submodules/SOPC_Video_video_bayer_resampler.v                         ;
; SOPC_Video/synthesis/submodules/SOPC_Video_video_clipper_0.v                               ;
; SOPC_Video/synthesis/submodules/SOPC_Video_video_rgb_resampler_0.v                         ;
; SOPC_Video/synthesis/submodules/SOPC_Video_video_scaler_0.v                                ;
; SOPC_Video/synthesis/submodules/altera_avalon_sc_fifo.v                                    ;
; SOPC_Video/synthesis/submodules/altera_avalon_st_pipeline_base.v                           ;
; SOPC_Video/synthesis/submodules/altera_customins_master_translator.v                       ;
; SOPC_Video/synthesis/submodules/altera_customins_slave_translator.sv                       ;
; SOPC_Video/synthesis/submodules/altera_merlin_address_alignment.sv                         ;
; SOPC_Video/synthesis/submodules/altera_merlin_arbitrator.sv                                ;
; SOPC_Video/synthesis/submodules/altera_merlin_burst_adapter.sv                             ;
; SOPC_Video/synthesis/submodules/altera_merlin_burst_uncompressor.sv                        ;
; SOPC_Video/synthesis/submodules/altera_merlin_master_agent.sv                              ;
; SOPC_Video/synthesis/submodules/altera_merlin_master_translator.sv                         ;
; SOPC_Video/synthesis/submodules/altera_merlin_slave_agent.sv                               ;
; SOPC_Video/synthesis/submodules/altera_merlin_slave_translator.sv                          ;
; SOPC_Video/synthesis/submodules/altera_merlin_traffic_limiter.sv                           ;
; SOPC_Video/synthesis/submodules/altera_merlin_width_adapter.sv                             ;
; SOPC_Video/synthesis/submodules/altera_reset_controller.sdc                                ;
; SOPC_Video/synthesis/submodules/altera_reset_controller.v                                  ;
; SOPC_Video/synthesis/submodules/altera_reset_synchronizer.v                                ;
; SOPC_Video/synthesis/submodules/altera_up_av_config_auto_init.v                            ;
; SOPC_Video/synthesis/submodules/altera_up_av_config_auto_init_d5m.v                        ;
; SOPC_Video/synthesis/submodules/altera_up_av_config_auto_init_dc2.v                        ;
; SOPC_Video/synthesis/submodules/altera_up_av_config_auto_init_lcm.v                        ;
; SOPC_Video/synthesis/submodules/altera_up_av_config_auto_init_ltm.v                        ;
; SOPC_Video/synthesis/submodules/altera_up_av_config_auto_init_ob_adv7180.v                 ;
; SOPC_Video/synthesis/submodules/altera_up_av_config_auto_init_ob_adv7181.v                 ;
; SOPC_Video/synthesis/submodules/altera_up_av_config_auto_init_ob_audio.v                   ;
; SOPC_Video/synthesis/submodules/altera_up_av_config_auto_init_ob_de2_115.v                 ;
; SOPC_Video/synthesis/submodules/altera_up_av_config_auto_init_ob_de2_35.v                  ;
; SOPC_Video/synthesis/submodules/altera_up_av_config_auto_init_ob_de2_70.v                  ;
; SOPC_Video/synthesis/submodules/altera_up_av_config_serial_bus_controller.v                ;
; SOPC_Video/synthesis/submodules/altera_up_avalon_video_edge_detection.vhd                  ;
; SOPC_Video/synthesis/submodules/altera_up_avalon_video_vga_timing.v                        ;
; SOPC_Video/synthesis/submodules/altera_up_edge_detection_data_shift_register.vhd           ;
; SOPC_Video/synthesis/submodules/altera_up_edge_detection_gaussian_smoothing_filter.vhd     ;
; SOPC_Video/synthesis/submodules/altera_up_edge_detection_hysteresis.vhd                    ;
; SOPC_Video/synthesis/submodules/altera_up_edge_detection_nonmaximum_suppression.vhd        ;
; SOPC_Video/synthesis/submodules/altera_up_edge_detection_pixel_info_shift_register.vhd     ;
; SOPC_Video/synthesis/submodules/altera_up_edge_detection_sobel_operator.vhd                ;
; SOPC_Video/synthesis/submodules/altera_up_slow_clock_generator.v                           ;
; SOPC_Video/synthesis/submodules/altera_up_video_camera_decoder.v                           ;
; SOPC_Video/synthesis/submodules/altera_up_video_clipper_add.v                              ;
; SOPC_Video/synthesis/submodules/altera_up_video_clipper_counters.v                         ;
; SOPC_Video/synthesis/submodules/altera_up_video_clipper_drop.v                             ;
; SOPC_Video/synthesis/submodules/altera_up_video_decoder_add_endofpacket.v                  ;
; SOPC_Video/synthesis/submodules/altera_up_video_dma_control_slave.v                        ;
; SOPC_Video/synthesis/submodules/altera_up_video_dma_to_memory.v                            ;
; SOPC_Video/synthesis/submodules/altera_up_video_dma_to_stream.v                            ;
; SOPC_Video/synthesis/submodules/altera_up_video_dual_clock_fifo.v                          ;
; SOPC_Video/synthesis/submodules/altera_up_video_itu_656_decoder.v                          ;
; SOPC_Video/synthesis/submodules/altera_up_video_scaler_multiply_height.v                   ;
; SOPC_Video/synthesis/submodules/altera_up_video_scaler_multiply_width.v                    ;
; SOPC_Video/synthesis/submodules/altera_up_video_scaler_shrink.v                            ;
; SOPC_Video/synthesis/submodules/fpoint_hw_qsys.v                                           ;
; SOPC_Video/synthesis/submodules/fpoint_qsys.v                                              ;
; SOPC_Video/synthesis/submodules/fpoint_wrapper.v                                           ;
; SOPC_edge.qpf                                                                              ;
; SOPC_edge.qsf                                                                              ;
; SOPC_edge.sdc                                                                              ;
; SOPC_edge_assignment_defaults.qdf                                                          ;
; SobleEdge_hw.tcl                                                                           ;
; Video_In_Edge.vhd                                                                          ;
; incremental_db/compiled_partitions/SOPC_edge.db_info                                       ;
+--------------------------------------------------------------------------------------------+


