Info: Starting: Create simulation model
Info: ip-generate --project-directory=Y:/Desktop/ETDSPC/BarCode_pixel_scan/SOPC_edge/ --output-directory=Y:/Desktop/ETDSPC/BarCode_pixel_scan/SOPC_edge/SOPC_Video/simulation/ --file-set=SIM_VHDL --report-file=sopcinfo:Y:/Desktop/ETDSPC/BarCode_pixel_scan/SOPC_edge/SOPC_Video.sopcinfo --report-file=html:Y:/Desktop/ETDSPC/BarCode_pixel_scan/SOPC_edge/SOPC_Video.html --report-file=sip:Y:/Desktop/ETDSPC/BarCode_pixel_scan/SOPC_edge/SOPC_Video/simulation/SOPC_Video.sip --report-file=csv:Y:/Desktop/ETDSPC/BarCode_pixel_scan/SOPC_edge/SOPC_Video.csv --report-file=spd:Y:/Desktop/ETDSPC/BarCode_pixel_scan/SOPC_edge/SOPC_Video.spd --report-file=cmp:Y:/Desktop/ETDSPC/BarCode_pixel_scan/SOPC_edge/SOPC_Video.cmp --system-info=DEVICE_FAMILY="Cyclone II" --system-info=DEVICE=EP2C35F672C6 --system-info=DEVICE_SPEEDGRADE=6 --component-file=Y:/Desktop/ETDSPC/BarCode_pixel_scan/SOPC_edge/SOPC_Video.qsys
Progress: Loading SOPC_edge/SOPC_Video.qsys
Progress: Reading input file
Progress: Adding clk_0 [clock_source 13.0]
Progress: Parameterizing module clk_0
Progress: Adding Onchip_Memory [altera_avalon_onchip_memory2 13.0.1.99.2]
Progress: Parameterizing module Onchip_Memory
Progress: Adding Dual_Clock_FIFO [altera_up_avalon_video_dual_clock_buffer 13.0]
Progress: Parameterizing module Dual_Clock_FIFO
Progress: Adding Pixel_Buffer [altera_up_avalon_sram 13.0]
Progress: Parameterizing module Pixel_Buffer
Progress: Adding Pixel_Buffer_DMA [altera_up_avalon_video_pixel_buffer_dma 13.0]
Progress: Parameterizing module Pixel_Buffer_DMA
Progress: Adding Pixel_RGB_Resampler [altera_up_avalon_video_rgb_resampler 13.0]
Progress: Parameterizing module Pixel_RGB_Resampler
Progress: Adding VGA_Controller [altera_up_avalon_video_vga_controller 13.0]
Progress: Parameterizing module VGA_Controller
Progress: Adding Video_In_Decoder [altera_up_avalon_video_decoder 13.0]
Progress: Parameterizing module Video_In_Decoder
Progress: Adding Video_DMA [altera_up_avalon_video_dma_controller 13.0]
Progress: Parameterizing module Video_DMA
Progress: Adding AV_Config [altera_up_avalon_audio_and_video_config 13.0]
Progress: Parameterizing module AV_Config
Progress: Adding CPU [altera_nios2_qsys 13.0]
Progress: Parameterizing module CPU
Progress: Adding Clock_Signals [altera_up_clocks 13.0]
Progress: Parameterizing module Clock_Signals
Progress: Adding jtag_uart_0 [altera_avalon_jtag_uart 13.0.1.99.2]
Progress: Parameterizing module jtag_uart_0
Progress: Adding clk_vga [clock_source 13.0]
Progress: Parameterizing module clk_vga
Progress: Adding video_bayer_resampler [altera_up_avalon_video_bayer_resampler 13.0]
Progress: Parameterizing module video_bayer_resampler
Progress: Adding video_clipper_0 [altera_up_avalon_video_clipper 13.0]
Progress: Parameterizing module video_clipper_0
Progress: Adding video_scaler_0 [altera_up_avalon_video_scaler 13.0]
Progress: Parameterizing module video_scaler_0
Progress: Adding video_rgb_resampler_0 [altera_up_avalon_video_rgb_resampler 13.0]
Progress: Parameterizing module video_rgb_resampler_0
Progress: Adding sysid_qsys_0 [altera_avalon_sysid_qsys 13.0]
Progress: Parameterizing module sysid_qsys_0
Progress: Adding sdram_0 [altera_avalon_new_sdram_controller 13.0.1.99.2]
Progress: Parameterizing module sdram_0
Progress: Adding timer_system [altera_avalon_timer 13.0.1.99.2]
Progress: Parameterizing module timer_system
Progress: Adding timer_timestamp [altera_avalon_timer 13.0.1.99.2]
Progress: Parameterizing module timer_timestamp
Progress: Adding lcd [altera_avalon_lcd_16207 13.0.1.99.2]
Progress: Parameterizing module lcd
Progress: Adding red_leds [altera_avalon_pio 13.0.1.99.2]
Progress: Parameterizing module red_leds
Progress: Adding green_leds [altera_avalon_pio 13.0.1.99.2]
Progress: Parameterizing module green_leds
Progress: Adding switch [altera_avalon_pio 13.0.1.99.2]
Progress: Parameterizing module switch
Progress: Adding nios_custom_instr_floating_point_0 [altera_nios_custom_instr_floating_point 13.0]
Progress: Parameterizing module nios_custom_instr_floating_point_0
Progress: Adding Altera_UP_SD_Card_Avalon_Interface_0 [Altera_UP_SD_Card_Avalon_Interface 13.0]
Progress: Parameterizing module Altera_UP_SD_Card_Avalon_Interface_0
Progress: Adding SobleEdge_0 [SobleEdge 1.0]
Progress: Parameterizing module SobleEdge_0
Progress: Adding Barcode_scan_0 [Barcode_scan 1.0]
Progress: Parameterizing module Barcode_scan_0
Progress: Building connections
Progress: Parameterizing connections
Progress: Validating
Progress: Done reading input file
Info: SOPC_Video.Pixel_RGB_Resampler: RGB Resampling: 8 (bits) x 1 (planes) -> 10 (bits) x 3 (planes)
Info: SOPC_Video.VGA_Controller: Video Output Stream: Format: 640 x 480 with Color: 10 (bits) x 3 (planes)
Info: SOPC_Video.Video_In_Decoder: Video In Stream: Format: 2592 x 1944 (default) with Colour: 8 (bits) x 1 (planes) (RGB Bayer Pattern)
Info: SOPC_Video.CPU: CPUID control register value is 0. Please manually assign CPUID if creating multiple Nios II system
Info: SOPC_Video.video_bayer_resampler: Change in Resolution: 2592 x 1944 -> 1296 x 972
Info: SOPC_Video.video_clipper_0: Change in Resolution: 1296 x 972 -> 1280 x 960
Info: SOPC_Video.video_scaler_0: Change in Resolution: 1280 x 960 -> 640 x 480
Info: SOPC_Video.video_rgb_resampler_0: RGB Resampling: 8 (bits) x 3 (planes) -> 8 (bits) x 1 (planes)
Info: SOPC_Video.sysid_qsys_0: System ID is not assigned automatically. Edit the System ID parameter to provide a unique ID
Info: SOPC_Video.sysid_qsys_0: Time stamp will be automatically updated when this component is generated.
Info: SOPC_Video.switch: PIO inputs are not hardwired in test bench. Undefined values will be read from PIO inputs during simulation.
Info: SOPC_Video: Generating SOPC_Video "SOPC_Video" for SIM_VHDL
Info: pipeline_bridge_swap_transform: After transform: 28 modules, 167 connections
Info: merlin_custom_instruction_transform: After transform: 31 modules, 170 connections
Info: merlin_translator_transform: After transform: 51 modules, 290 connections
Info: merlin_domain_transform: After transform: 90 modules, 669 connections
Info: merlin_router_transform: After transform: 110 modules, 789 connections
Info: merlin_burst_transform: After transform: 112 modules, 801 connections
Info: reset_adaptation_transform: After transform: 116 modules, 439 connections
Info: merlin_network_to_switch_transform: After transform: 155 modules, 521 connections
Info: merlin_width_transform: After transform: 165 modules, 551 connections
Info: merlin_mm_transform: After transform: 165 modules, 551 connections
Info: merlin_interrupt_mapper_transform: After transform: 166 modules, 554 connections
Warning: SOPC_Video: "No matching role found for CPU_custom_instruction_master_multi_xconnect:ci_slave:ci_slave_ipending (ipending)"
Warning: SOPC_Video: "No matching role found for CPU_custom_instruction_master_multi_xconnect:ci_slave:ci_slave_estatus (estatus)"
Warning: SOPC_Video: "No matching role found for rst_controller:reset_out:reset_req (reset_req)"
Warning: SOPC_Video: "No matching role found for rst_controller:reset_out:reset_req (reset_req)"
Warning: SOPC_Video: "No matching role found for rst_controller:reset_out:reset_req (reset_req)"
Warning: SOPC_Video: "No matching role found for rst_controller:reset_out:reset_req (reset_req)"
Warning: SOPC_Video: "No matching role found for rst_controller:reset_out:reset_req (reset_req)"
Warning: SOPC_Video: "No matching role found for rst_controller:reset_out:reset_req (reset_req)"
Warning: SOPC_Video: "No matching role found for rst_controller:reset_out:reset_req (reset_req)"
Warning: SOPC_Video: "No matching role found for rst_controller:reset_out:reset_req (reset_req)"
Warning: SOPC_Video: "No matching role found for rst_controller:reset_out:reset_req (reset_req)"
Warning: SOPC_Video: "No matching role found for rst_controller:reset_out:reset_req (reset_req)"
Warning: SOPC_Video: "No matching role found for rst_controller:reset_out:reset_req (reset_req)"
Warning: SOPC_Video: "No matching role found for rst_controller:reset_out:reset_req (reset_req)"
Warning: SOPC_Video: "No matching role found for rst_controller:reset_out:reset_req (reset_req)"
Warning: SOPC_Video: "No matching role found for rst_controller:reset_out:reset_req (reset_req)"
Warning: SOPC_Video: "No matching role found for rst_controller:reset_out:reset_req (reset_req)"
Warning: SOPC_Video: "No matching role found for rst_controller:reset_out:reset_req (reset_req)"
Warning: SOPC_Video: "No matching role found for rst_controller:reset_out:reset_req (reset_req)"
Warning: SOPC_Video: "No matching role found for rst_controller:reset_out:reset_req (reset_req)"
Warning: SOPC_Video: "No matching role found for rst_controller:reset_out:reset_req (reset_req)"
Warning: SOPC_Video: "No matching role found for rst_controller:reset_out:reset_req (reset_req)"
Warning: SOPC_Video: "No matching role found for rst_controller:reset_out:reset_req (reset_req)"
Warning: SOPC_Video: "No matching role found for rst_controller:reset_out:reset_req (reset_req)"
Warning: SOPC_Video: "No matching role found for rst_controller:reset_out:reset_req (reset_req)"
Warning: SOPC_Video: "No matching role found for rst_controller:reset_out:reset_req (reset_req)"
Warning: SOPC_Video: "No matching role found for rst_controller:reset_out:reset_req (reset_req)"
Warning: SOPC_Video: "No matching role found for rst_controller:reset_out:reset_req (reset_req)"
Warning: SOPC_Video: "No matching role found for rst_controller:reset_out:reset_req (reset_req)"
Warning: SOPC_Video: "No matching role found for rst_controller:reset_out:reset_req (reset_req)"
Warning: SOPC_Video: "No matching role found for rst_controller:reset_out:reset_req (reset_req)"
Warning: SOPC_Video: "No matching role found for rst_controller:reset_out:reset_req (reset_req)"
Warning: SOPC_Video: "No matching role found for rst_controller:reset_out:reset_req (reset_req)"
Warning: SOPC_Video: "No matching role found for rst_controller:reset_out:reset_req (reset_req)"
Warning: SOPC_Video: "No matching role found for rst_controller:reset_out:reset_req (reset_req)"
Warning: SOPC_Video: "No matching role found for rst_controller:reset_out:reset_req (reset_req)"
Warning: SOPC_Video: "No matching role found for rst_controller:reset_out:reset_req (reset_req)"
Warning: SOPC_Video: "No matching role found for rst_controller:reset_out:reset_req (reset_req)"
Warning: SOPC_Video: "No matching role found for rst_controller:reset_out:reset_req (reset_req)"
Warning: SOPC_Video: "No matching role found for rst_controller:reset_out:reset_req (reset_req)"
Warning: SOPC_Video: "No matching role found for rst_controller:reset_out:reset_req (reset_req)"
Warning: SOPC_Video: "No matching role found for rst_controller:reset_out:reset_req (reset_req)"
Warning: SOPC_Video: "No matching role found for rst_controller:reset_out:reset_req (reset_req)"
Warning: SOPC_Video: "No matching role found for rst_controller:reset_out:reset_req (reset_req)"
Warning: SOPC_Video: "No matching role found for rst_controller:reset_out:reset_req (reset_req)"
Warning: SOPC_Video: "No matching role found for rst_controller:reset_out:reset_req (reset_req)"
Warning: SOPC_Video: "No matching role found for rst_controller:reset_out:reset_req (reset_req)"
Warning: SOPC_Video: "No matching role found for rst_controller:reset_out:reset_req (reset_req)"
Warning: SOPC_Video: "No matching role found for rst_controller:reset_out:reset_req (reset_req)"
Warning: SOPC_Video: "No matching role found for rst_controller:reset_out:reset_req (reset_req)"
Warning: SOPC_Video: "No matching role found for rst_controller:reset_out:reset_req (reset_req)"
Warning: SOPC_Video: "No matching role found for rst_controller:reset_out:reset_req (reset_req)"
Warning: SOPC_Video: "No matching role found for rst_controller:reset_out:reset_req (reset_req)"
Warning: SOPC_Video: "No matching role found for rst_controller:reset_out:reset_req (reset_req)"
Warning: SOPC_Video: "No matching role found for rst_controller:reset_out:reset_req (reset_req)"
Warning: SOPC_Video: "No matching role found for rst_controller:reset_out:reset_req (reset_req)"
Warning: SOPC_Video: "No matching role found for rst_controller:reset_out:reset_req (reset_req)"
Warning: SOPC_Video: "No matching role found for rst_controller:reset_out:reset_req (reset_req)"
Warning: SOPC_Video: "No matching role found for rst_controller:reset_out:reset_req (reset_req)"
Warning: SOPC_Video: "No matching role found for rst_controller:reset_out:reset_req (reset_req)"
Warning: SOPC_Video: "No matching role found for rst_controller:reset_out:reset_req (reset_req)"
Warning: SOPC_Video: "No matching role found for rst_controller:reset_out:reset_req (reset_req)"
Warning: SOPC_Video: "No matching role found for rst_controller:reset_out:reset_req (reset_req)"
Warning: SOPC_Video: "No matching role found for rst_controller:reset_out:reset_req (reset_req)"
Warning: SOPC_Video: "No matching role found for rst_controller:reset_out:reset_req (reset_req)"
Warning: SOPC_Video: "No matching role found for rst_controller:reset_out:reset_req (reset_req)"
Warning: SOPC_Video: "No matching role found for rst_controller:reset_out:reset_req (reset_req)"
Warning: SOPC_Video: "No matching role found for rst_controller:reset_out:reset_req (reset_req)"
Warning: SOPC_Video: "No matching role found for rst_controller:reset_out:reset_req (reset_req)"
Warning: SOPC_Video: "No matching role found for rst_controller:reset_out:reset_req (reset_req)"
Warning: SOPC_Video: "No matching role found for rst_controller:reset_out:reset_req (reset_req)"
Warning: SOPC_Video: "No matching role found for rst_controller:reset_out:reset_req (reset_req)"
Warning: SOPC_Video: "No matching role found for rst_controller:reset_out:reset_req (reset_req)"
Warning: SOPC_Video: "No matching role found for rst_controller:reset_out:reset_req (reset_req)"
Warning: SOPC_Video: "No matching role found for rst_controller:reset_out:reset_req (reset_req)"
Warning: SOPC_Video: "No matching role found for rst_controller:reset_out:reset_req (reset_req)"
Warning: SOPC_Video: "No matching role found for rst_controller:reset_out:reset_req (reset_req)"
Warning: SOPC_Video: "No matching role found for rst_controller:reset_out:reset_req (reset_req)"
Warning: SOPC_Video: "No matching role found for rst_controller:reset_out:reset_req (reset_req)"
Warning: SOPC_Video: "No matching role found for rst_controller:reset_out:reset_req (reset_req)"
Warning: SOPC_Video: "No matching role found for rst_controller:reset_out:reset_req (reset_req)"
Warning: SOPC_Video: "No matching role found for rst_controller:reset_out:reset_req (reset_req)"
Warning: SOPC_Video: "No matching role found for rst_controller:reset_out:reset_req (reset_req)"
Warning: SOPC_Video: "No matching role found for rst_controller:reset_out:reset_req (reset_req)"
Warning: SOPC_Video: "No matching role found for rst_controller:reset_out:reset_req (reset_req)"
Warning: SOPC_Video: "No matching role found for rst_controller:reset_out:reset_req (reset_req)"
Warning: SOPC_Video: "No matching role found for rst_controller:reset_out:reset_req (reset_req)"
Warning: SOPC_Video: "No matching role found for rst_controller:reset_out:reset_req (reset_req)"
Warning: SOPC_Video: "No matching role found for rst_controller:reset_out:reset_req (reset_req)"
Warning: SOPC_Video: "No matching role found for rst_controller:reset_out:reset_req (reset_req)"
Warning: SOPC_Video: "No matching role found for rst_controller:reset_out:reset_req (reset_req)"
Warning: SOPC_Video: "No matching role found for rst_controller:reset_out:reset_req (reset_req)"
Warning: SOPC_Video: "No matching role found for rst_controller:reset_out:reset_req (reset_req)"
Warning: SOPC_Video: "No matching role found for rst_controller:reset_out:reset_req (reset_req)"
Warning: SOPC_Video: "No matching role found for rst_controller:reset_out:reset_req (reset_req)"
Warning: SOPC_Video: "No matching role found for rst_controller:reset_out:reset_req (reset_req)"
Warning: SOPC_Video: "No matching role found for rst_controller:reset_out:reset_req (reset_req)"
Warning: SOPC_Video: "No matching role found for rst_controller:reset_out:reset_req (reset_req)"
Warning: SOPC_Video: "No matching role found for rst_controller:reset_out:reset_req (reset_req)"
Warning: SOPC_Video: "No matching role found for rst_controller:reset_out:reset_req (reset_req)"
Warning: SOPC_Video: "No matching role found for rst_controller:reset_out:reset_req (reset_req)"
Warning: SOPC_Video: "No matching role found for rst_controller:reset_out:reset_req (reset_req)"
Warning: SOPC_Video: "No matching role found for rst_controller:reset_out:reset_req (reset_req)"
Warning: SOPC_Video: "No matching role found for rst_controller:reset_out:reset_req (reset_req)"
Warning: SOPC_Video: "No matching role found for rst_controller:reset_out:reset_req (reset_req)"
Warning: SOPC_Video: "No matching role found for rst_controller:reset_out:reset_req (reset_req)"
Warning: SOPC_Video: "No matching role found for rst_controller:reset_out:reset_req (reset_req)"
Warning: SOPC_Video: "No matching role found for rst_controller:reset_out:reset_req (reset_req)"
Warning: SOPC_Video: "No matching role found for rst_controller:reset_out:reset_req (reset_req)"
Warning: SOPC_Video: "No matching role found for rst_controller:reset_out:reset_req (reset_req)"
Warning: SOPC_Video: "No matching role found for rst_controller:reset_out:reset_req (reset_req)"
Warning: SOPC_Video: "No matching role found for rst_controller:reset_out:reset_req (reset_req)"
Warning: SOPC_Video: "No matching role found for rst_controller:reset_out:reset_req (reset_req)"
Warning: SOPC_Video: "No matching role found for rst_controller:reset_out:reset_req (reset_req)"
Warning: SOPC_Video: "No matching role found for rst_controller:reset_out:reset_req (reset_req)"
Warning: SOPC_Video: "No matching role found for rst_controller:reset_out:reset_req (reset_req)"
Warning: SOPC_Video: "No matching role found for rst_controller:reset_out:reset_req (reset_req)"
Warning: SOPC_Video: "No matching role found for rst_controller:reset_out:reset_req (reset_req)"
Warning: SOPC_Video: "No matching role found for rst_controller:reset_out:reset_req (reset_req)"
Warning: SOPC_Video: "No matching role found for rst_controller:reset_out:reset_req (reset_req)"
Warning: SOPC_Video: "No matching role found for rst_controller:reset_out:reset_req (reset_req)"
Warning: SOPC_Video: "No matching role found for rst_controller:reset_out:reset_req (reset_req)"
Warning: SOPC_Video: "No matching role found for rst_controller:reset_out:reset_req (reset_req)"
Warning: SOPC_Video: "No matching role found for rst_controller:reset_out:reset_req (reset_req)"
Warning: SOPC_Video: "No matching role found for rst_controller:reset_out:reset_req (reset_req)"
Warning: SOPC_Video: "No matching role found for rst_controller:reset_out:reset_req (reset_req)"
Warning: SOPC_Video: "No matching role found for rst_controller:reset_out:reset_req (reset_req)"
Warning: SOPC_Video: "No matching role found for rst_controller:reset_out:reset_req (reset_req)"
Warning: SOPC_Video: "No matching role found for rst_controller:reset_out:reset_req (reset_req)"
Warning: SOPC_Video: "No matching role found for rst_controller:reset_out:reset_req (reset_req)"
Warning: SOPC_Video: "No matching role found for rst_controller:reset_out:reset_req (reset_req)"
Warning: SOPC_Video: "No matching role found for rst_controller:reset_out:reset_req (reset_req)"
Warning: SOPC_Video: "No matching role found for rst_controller:reset_out:reset_req (reset_req)"
Warning: SOPC_Video: "No matching role found for rst_controller:reset_out:reset_req (reset_req)"
Warning: SOPC_Video: "No matching role found for rst_controller:reset_out:reset_req (reset_req)"
Warning: SOPC_Video: "No matching role found for rst_controller:reset_out:reset_req (reset_req)"
Warning: SOPC_Video: "No matching role found for rst_controller:reset_out:reset_req (reset_req)"
Warning: SOPC_Video: "No matching role found for rst_controller:reset_out:reset_req (reset_req)"
Warning: SOPC_Video: "No matching role found for rst_controller:reset_out:reset_req (reset_req)"
Warning: SOPC_Video: "No matching role found for rst_controller:reset_out:reset_req (reset_req)"
Warning: SOPC_Video: "No matching role found for rst_controller:reset_out:reset_req (reset_req)"
Warning: SOPC_Video: "No matching role found for rst_controller:reset_out:reset_req (reset_req)"
Warning: SOPC_Video: "No matching role found for rst_controller:reset_out:reset_req (reset_req)"
Warning: SOPC_Video: "No matching role found for rst_controller:reset_out:reset_req (reset_req)"
Warning: SOPC_Video: "No matching role found for rst_controller:reset_out:reset_req (reset_req)"
Warning: SOPC_Video: "No matching role found for rst_controller:reset_out:reset_req (reset_req)"
Warning: SOPC_Video: "No matching role found for rst_controller:reset_out:reset_req (reset_req)"
Warning: SOPC_Video: "No matching role found for rst_controller:reset_out:reset_req (reset_req)"
Warning: SOPC_Video: "No matching role found for rst_controller:reset_out:reset_req (reset_req)"
Warning: SOPC_Video: "No matching role found for rst_controller:reset_out:reset_req (reset_req)"
Warning: SOPC_Video: "No matching role found for rst_controller:reset_out:reset_req (reset_req)"
Warning: SOPC_Video: "No matching role found for rst_controller:reset_out:reset_req (reset_req)"
Warning: SOPC_Video: "No matching role found for rst_controller:reset_out:reset_req (reset_req)"
Warning: SOPC_Video: "No matching role found for rst_controller:reset_out:reset_req (reset_req)"
Warning: SOPC_Video: "No matching role found for rst_controller:reset_out:reset_req (reset_req)"
Info: Onchip_Memory: Starting RTL generation for module 'SOPC_Video_Onchip_Memory'
Info: Onchip_Memory:   Generation command is [exec C:/altera/13.0sp1/quartus/bin/perl/bin/perl.exe -I C:/altera/13.0sp1/quartus/common/ip/altera/common/perl/5.8.3 -I C:/altera/13.0sp1/quartus/sopc_builder/bin/europa -I C:/altera/13.0sp1/quartus/sopc_builder/bin/perl_lib -I C:/altera/13.0sp1/quartus/sopc_builder/bin -I C:/altera/13.0sp1/quartus/../ip/altera/sopc_builder_ip/common -I C:/altera/13.0sp1/quartus/../ip/altera/sopc_builder_ip/altera_avalon_onchip_memory2 -- C:/altera/13.0sp1/quartus/../ip/altera/sopc_builder_ip/altera_avalon_onchip_memory2/generate_rtl.pl --name=SOPC_Video_Onchip_Memory --dir=C:/Users/MICKKI~1/AppData/Local/Temp/alt6889_7722197764707950836.dir/0209_Onchip_Memory_gen/ --quartus_dir=C:/altera/13.0sp1/quartus --vhdl --config=C:/Users/MICKKI~1/AppData/Local/Temp/alt6889_7722197764707950836.dir/0209_Onchip_Memory_gen//SOPC_Video_Onchip_Memory_component_configuration.pl  --do_build_sim=1    --sim_dir=C:/Users/MICKKI~1/AppData/Local/Temp/alt6889_7722197764707950836.dir/0209_Onchip_Memory_gen/  ]
Info: Onchip_Memory: Done RTL generation for module 'SOPC_Video_Onchip_Memory'
Info: Onchip_Memory: "SOPC_Video" instantiated altera_avalon_onchip_memory2 "Onchip_Memory"
Info: Dual_Clock_FIFO: Starting Generation of the Dual Clock Buffer
Info: Dual_Clock_FIFO: "SOPC_Video" instantiated altera_up_avalon_video_dual_clock_buffer "Dual_Clock_FIFO"
Info: Pixel_Buffer: Starting Generation of SRAM or SSRAM Controller
Info: Pixel_Buffer: "SOPC_Video" instantiated altera_up_avalon_sram "Pixel_Buffer"
Info: Pixel_Buffer_DMA: Starting Generation of VGA Pixel Buffer
Info: Pixel_Buffer_DMA: "SOPC_Video" instantiated altera_up_avalon_video_pixel_buffer_dma "Pixel_Buffer_DMA"
Info: Pixel_RGB_Resampler: Starting Generation of Video RGB Resampler
Info: Pixel_RGB_Resampler: "SOPC_Video" instantiated altera_up_avalon_video_rgb_resampler "Pixel_RGB_Resampler"
Info: VGA_Controller: Starting Generation of VGA Controller
Info: VGA_Controller: "SOPC_Video" instantiated altera_up_avalon_video_vga_controller "VGA_Controller"
Info: Video_In_Decoder: Starting Generation of Video In Decoder
Info: Video_In_Decoder: "SOPC_Video" instantiated altera_up_avalon_video_decoder "Video_In_Decoder"
Info: Video_DMA: Starting Generation of Video DMA Controller
Info: Video_DMA: "SOPC_Video" instantiated altera_up_avalon_video_dma_controller "Video_DMA"
Info: AV_Config: Starting Generation of Audio and Video Config
Info: AV_Config: "SOPC_Video" instantiated altera_up_avalon_audio_and_video_config "AV_Config"
Info: CPU: Starting RTL generation for module 'SOPC_Video_CPU'
Info: CPU:   Generation command is [exec C:/altera/13.0sp1/quartus/../ip/altera/nios2_ip/altera_nios2/eperl.exe -I C:/altera/13.0sp1/quartus/common/ip/altera/common/perl/5.8.3 -I C:/altera/13.0sp1/quartus/sopc_builder/bin/europa -I C:/altera/13.0sp1/quartus/sopc_builder/bin/perl_lib -I C:/altera/13.0sp1/quartus/sopc_builder/bin -I C:/altera/13.0sp1/quartus/../ip/altera/nios2_ip/altera_nios2/cpu_lib -I C:/altera/13.0sp1/quartus/../ip/altera/nios2_ip/altera_nios2/nios_lib -I C:/altera/13.0sp1/quartus/../ip/altera/nios2_ip/altera_nios2 -I C:/altera/13.0sp1/quartus/../ip/altera/nios2_ip/altera_nios2 -- C:/altera/13.0sp1/quartus/../ip/altera/nios2_ip/altera_nios2/generate_rtl.epl --name=SOPC_Video_CPU --dir=C:/Users/MICKKI~1/AppData/Local/Temp/alt6889_7722197764707950836.dir/0218_CPU_gen/ --quartus_dir=C:/altera/13.0sp1/quartus --vhdl --config=C:/Users/MICKKI~1/AppData/Local/Temp/alt6889_7722197764707950836.dir/0218_CPU_gen//SOPC_Video_CPU_processor_configuration.pl  --do_build_sim=1    --sim_dir=C:/Users/MICKKI~1/AppData/Local/Temp/alt6889_7722197764707950836.dir/0218_CPU_gen/    --bogus  ]
Info: CPU: # 2016.03.29 12:28:41 (*) Starting Nios II generation
Info: CPU: # 2016.03.29 12:28:41 (*)   Checking for plaintext license.
Info: CPU: # 2016.03.29 12:28:46 (*)   Plaintext license not found.
Info: CPU: # 2016.03.29 12:28:46 (*)   No license required to generate encrypted Nios II/e.
Info: CPU: # 2016.03.29 12:28:46 (*)   Elaborating CPU configuration settings
Info: CPU: # 2016.03.29 12:28:46 (*)   Creating all objects for CPU
Info: CPU: # 2016.03.29 12:28:48 (*)   Creating 'C:/Users/MICKKI~1/AppData/Local/Temp/alt6889_7722197764707950836.dir/0218_CPU_gen//SOPC_Video_CPU_nios2_waves.do'
Info: CPU: # 2016.03.29 12:28:48 (*)   Generating RTL from CPU objects
Info: CPU: # 2016.03.29 12:28:48 (*)   Creating plain-text RTL
Info: CPU: # 2016.03.29 12:28:53 (*) Done Nios II generation
Info: CPU: Done RTL generation for module 'SOPC_Video_CPU'
Info: CPU: "SOPC_Video" instantiated altera_nios2_qsys "CPU"
Info: Clock_Signals: Starting Generation of Required Clocks for DE-Series Boards
Info: Clock_Signals: "SOPC_Video" instantiated altera_up_clocks "Clock_Signals"
Info: jtag_uart_0: Starting RTL generation for module 'SOPC_Video_jtag_uart_0'
Info: jtag_uart_0:   Generation command is [exec C:/altera/13.0sp1/quartus/bin/perl/bin/perl.exe -I C:/altera/13.0sp1/quartus/common/ip/altera/common/perl/5.8.3 -I C:/altera/13.0sp1/quartus/sopc_builder/bin/europa -I C:/altera/13.0sp1/quartus/sopc_builder/bin/perl_lib -I C:/altera/13.0sp1/quartus/sopc_builder/bin -I C:/altera/13.0sp1/quartus/../ip/altera/sopc_builder_ip/common -I C:/altera/13.0sp1/quartus/../ip/altera/sopc_builder_ip/altera_avalon_jtag_uart -- C:/altera/13.0sp1/quartus/../ip/altera/sopc_builder_ip/altera_avalon_jtag_uart/generate_rtl.pl --name=SOPC_Video_jtag_uart_0 --dir=C:/Users/MICKKI~1/AppData/Local/Temp/alt6889_7722197764707950836.dir/0220_jtag_uart_0_gen/ --quartus_dir=C:/altera/13.0sp1/quartus --vhdl --config=C:/Users/MICKKI~1/AppData/Local/Temp/alt6889_7722197764707950836.dir/0220_jtag_uart_0_gen//SOPC_Video_jtag_uart_0_component_configuration.pl  --do_build_sim=1    --sim_dir=C:/Users/MICKKI~1/AppData/Local/Temp/alt6889_7722197764707950836.dir/0220_jtag_uart_0_gen/  ]
Info: jtag_uart_0: Done RTL generation for module 'SOPC_Video_jtag_uart_0'
Info: jtag_uart_0: "SOPC_Video" instantiated altera_avalon_jtag_uart "jtag_uart_0"
Info: video_bayer_resampler: Starting Generation of Video Bayer Pattern Resampler
Info: video_bayer_resampler: "SOPC_Video" instantiated altera_up_avalon_video_bayer_resampler "video_bayer_resampler"
Info: video_clipper_0: Starting generation of the video clipper
Info: video_clipper_0: "SOPC_Video" instantiated altera_up_avalon_video_clipper "video_clipper_0"
Info: video_scaler_0: Starting Generation of Video Scaler
Info: video_scaler_0: "SOPC_Video" instantiated altera_up_avalon_video_scaler "video_scaler_0"
Info: video_rgb_resampler_0: Starting Generation of Video RGB Resampler
Info: video_rgb_resampler_0: "SOPC_Video" instantiated altera_up_avalon_video_rgb_resampler "video_rgb_resampler_0"
Info: sysid_qsys_0: Generating VHDL simulation model
Info: sysid_qsys_0: Generated simulation model SOPC_Video_sysid_qsys_0.vho
Info: sysid_qsys_0: "SOPC_Video" instantiated altera_avalon_sysid_qsys "sysid_qsys_0"
Info: sdram_0: Starting RTL generation for module 'SOPC_Video_sdram_0'
Info: sdram_0:   Generation command is [exec C:/altera/13.0sp1/quartus/bin/perl/bin/perl.exe -I C:/altera/13.0sp1/quartus/common/ip/altera/common/perl/5.8.3 -I C:/altera/13.0sp1/quartus/sopc_builder/bin/europa -I C:/altera/13.0sp1/quartus/sopc_builder/bin/perl_lib -I C:/altera/13.0sp1/quartus/sopc_builder/bin -I C:/altera/13.0sp1/quartus/../ip/altera/sopc_builder_ip/common -I C:/altera/13.0sp1/quartus/../ip/altera/sopc_builder_ip/altera_avalon_new_sdram_controller -- C:/altera/13.0sp1/quartus/../ip/altera/sopc_builder_ip/altera_avalon_new_sdram_controller/generate_rtl.pl --name=SOPC_Video_sdram_0 --dir=C:/Users/MICKKI~1/AppData/Local/Temp/alt6889_7722197764707950836.dir/0228_sdram_0_gen/ --quartus_dir=C:/altera/13.0sp1/quartus --vhdl --config=C:/Users/MICKKI~1/AppData/Local/Temp/alt6889_7722197764707950836.dir/0228_sdram_0_gen//SOPC_Video_sdram_0_component_configuration.pl  --do_build_sim=1    --sim_dir=C:/Users/MICKKI~1/AppData/Local/Temp/alt6889_7722197764707950836.dir/0228_sdram_0_gen/  ]
Info: sdram_0: Done RTL generation for module 'SOPC_Video_sdram_0'
Info: sdram_0: "SOPC_Video" instantiated altera_avalon_new_sdram_controller "sdram_0"
Info: timer_system: Starting RTL generation for module 'SOPC_Video_timer_system'
Info: timer_system:   Generation command is [exec C:/altera/13.0sp1/quartus/bin/perl/bin/perl.exe -I C:/altera/13.0sp1/quartus/common/ip/altera/common/perl/5.8.3 -I C:/altera/13.0sp1/quartus/sopc_builder/bin/europa -I C:/altera/13.0sp1/quartus/sopc_builder/bin/perl_lib -I C:/altera/13.0sp1/quartus/sopc_builder/bin -I C:/altera/13.0sp1/quartus/../ip/altera/sopc_builder_ip/common -I C:/altera/13.0sp1/quartus/../ip/altera/sopc_builder_ip/altera_avalon_timer -- C:/altera/13.0sp1/quartus/../ip/altera/sopc_builder_ip/altera_avalon_timer/generate_rtl.pl --name=SOPC_Video_timer_system --dir=C:/Users/MICKKI~1/AppData/Local/Temp/alt6889_7722197764707950836.dir/0229_timer_system_gen/ --quartus_dir=C:/altera/13.0sp1/quartus --vhdl --config=C:/Users/MICKKI~1/AppData/Local/Temp/alt6889_7722197764707950836.dir/0229_timer_system_gen//SOPC_Video_timer_system_component_configuration.pl  --do_build_sim=1    --sim_dir=C:/Users/MICKKI~1/AppData/Local/Temp/alt6889_7722197764707950836.dir/0229_timer_system_gen/  ]
Info: timer_system: Done RTL generation for module 'SOPC_Video_timer_system'
Info: timer_system: "SOPC_Video" instantiated altera_avalon_timer "timer_system"
Info: lcd: Starting RTL generation for module 'SOPC_Video_lcd'
Info: lcd:   Generation command is [exec C:/altera/13.0sp1/quartus/bin/perl/bin/perl.exe -I C:/altera/13.0sp1/quartus/common/ip/altera/common/perl/5.8.3 -I C:/altera/13.0sp1/quartus/sopc_builder/bin/europa -I C:/altera/13.0sp1/quartus/sopc_builder/bin/perl_lib -I C:/altera/13.0sp1/quartus/sopc_builder/bin -I C:/altera/13.0sp1/quartus/../ip/altera/sopc_builder_ip/common -I C:/altera/13.0sp1/quartus/../ip/altera/sopc_builder_ip/altera_avalon_lcd_16207 -- C:/altera/13.0sp1/quartus/../ip/altera/sopc_builder_ip/altera_avalon_lcd_16207/generate_rtl.pl --name=SOPC_Video_lcd --dir=C:/Users/MICKKI~1/AppData/Local/Temp/alt6889_7722197764707950836.dir/0230_lcd_gen/ --quartus_dir=C:/altera/13.0sp1/quartus --vhdl --config=C:/Users/MICKKI~1/AppData/Local/Temp/alt6889_7722197764707950836.dir/0230_lcd_gen//SOPC_Video_lcd_component_configuration.pl  --do_build_sim=1    --sim_dir=C:/Users/MICKKI~1/AppData/Local/Temp/alt6889_7722197764707950836.dir/0230_lcd_gen/  ]
Info: lcd: Done RTL generation for module 'SOPC_Video_lcd'
Info: lcd: "SOPC_Video" instantiated altera_avalon_lcd_16207 "lcd"
Info: red_leds: Starting RTL generation for module 'SOPC_Video_red_leds'
Info: red_leds:   Generation command is [exec C:/altera/13.0sp1/quartus/bin/perl/bin/perl.exe -I C:/altera/13.0sp1/quartus/common/ip/altera/common/perl/5.8.3 -I C:/altera/13.0sp1/quartus/sopc_builder/bin/europa -I C:/altera/13.0sp1/quartus/sopc_builder/bin/perl_lib -I C:/altera/13.0sp1/quartus/sopc_builder/bin -I C:/altera/13.0sp1/quartus/../ip/altera/sopc_builder_ip/common -I C:/altera/13.0sp1/quartus/../ip/altera/sopc_builder_ip/altera_avalon_pio -- C:/altera/13.0sp1/quartus/../ip/altera/sopc_builder_ip/altera_avalon_pio/generate_rtl.pl --name=SOPC_Video_red_leds --dir=C:/Users/MICKKI~1/AppData/Local/Temp/alt6889_7722197764707950836.dir/0231_red_leds_gen/ --quartus_dir=C:/altera/13.0sp1/quartus --vhdl --config=C:/Users/MICKKI~1/AppData/Local/Temp/alt6889_7722197764707950836.dir/0231_red_leds_gen//SOPC_Video_red_leds_component_configuration.pl  --do_build_sim=1    --sim_dir=C:/Users/MICKKI~1/AppData/Local/Temp/alt6889_7722197764707950836.dir/0231_red_leds_gen/  ]
Info: red_leds: Done RTL generation for module 'SOPC_Video_red_leds'
Info: red_leds: "SOPC_Video" instantiated altera_avalon_pio "red_leds"
Info: switch: Starting RTL generation for module 'SOPC_Video_switch'
Info: switch:   Generation command is [exec C:/altera/13.0sp1/quartus/bin/perl/bin/perl.exe -I C:/altera/13.0sp1/quartus/common/ip/altera/common/perl/5.8.3 -I C:/altera/13.0sp1/quartus/sopc_builder/bin/europa -I C:/altera/13.0sp1/quartus/sopc_builder/bin/perl_lib -I C:/altera/13.0sp1/quartus/sopc_builder/bin -I C:/altera/13.0sp1/quartus/../ip/altera/sopc_builder_ip/common -I C:/altera/13.0sp1/quartus/../ip/altera/sopc_builder_ip/altera_avalon_pio -- C:/altera/13.0sp1/quartus/../ip/altera/sopc_builder_ip/altera_avalon_pio/generate_rtl.pl --name=SOPC_Video_switch --dir=C:/Users/MICKKI~1/AppData/Local/Temp/alt6889_7722197764707950836.dir/0232_switch_gen/ --quartus_dir=C:/altera/13.0sp1/quartus --vhdl --config=C:/Users/MICKKI~1/AppData/Local/Temp/alt6889_7722197764707950836.dir/0232_switch_gen//SOPC_Video_switch_component_configuration.pl  --do_build_sim=1    --sim_dir=C:/Users/MICKKI~1/AppData/Local/Temp/alt6889_7722197764707950836.dir/0232_switch_gen/  ]
Info: switch: Done RTL generation for module 'SOPC_Video_switch'
Info: switch: "SOPC_Video" instantiated altera_avalon_pio "switch"
Info: nios_custom_instr_floating_point_0: Generating VHDL simulation model
Info: nios_custom_instr_floating_point_0: Generated simulation model SOPC_Video_nios_custom_instr_floating_point_0.vho
Info: nios_custom_instr_floating_point_0: "SOPC_Video" instantiated altera_nios_custom_instr_floating_point "nios_custom_instr_floating_point_0"
Error: Altera_UP_SD_Card_Avalon_Interface_0: Altera_UP_SD_Card_Avalon_Interface does not support generation for VHDL Simulation. Generation is available for: Quartus Synthesis.
Error: Generation stopped, 152 or more modules remaining
Info: SOPC_Video: Done SOPC_Video" with 60 modules, 98 files, 4206264 bytes
Error: ip-generate failed with exit code 1: 2 Errors, 155 Warnings
Info: Stopping: Create simulation model
