Info: Starting: Create block symbol file (.bsf)
Info: ip-generate --project-directory=Y:/Desktop/ETDSPC/BarCode_pixel_scan/SOPC_edge/ --output-directory=Y:/Desktop/ETDSPC/BarCode_pixel_scan/SOPC_edge/SOPC_Video/ --report-file=bsf:Y:/Desktop/ETDSPC/BarCode_pixel_scan/SOPC_edge/SOPC_Video.bsf --system-info=DEVICE_FAMILY="Cyclone II" --system-info=DEVICE=EP2C35F672C6 --system-info=DEVICE_SPEEDGRADE=6 --component-file=Y:/Desktop/ETDSPC/BarCode_pixel_scan/SOPC_edge/SOPC_Video.qsys
Progress: Loading SOPC_edge/SOPC_Video.qsys
Progress: Reading input file
Progress: Adding clk_0 [clock_source 13.0]
Progress: Parameterizing module clk_0
Progress: Adding Onchip_Memory [altera_avalon_onchip_memory2 13.0.1.99.2]
Progress: Parameterizing module Onchip_Memory
Progress: Adding Dual_Clock_FIFO [altera_up_avalon_video_dual_clock_buffer 13.0]
Progress: Parameterizing module Dual_Clock_FIFO
Progress: Adding Pixel_Buffer [altera_up_avalon_sram 13.0]
Progress: Parameterizing module Pixel_Buffer
Progress: Adding Pixel_Buffer_DMA [altera_up_avalon_video_pixel_buffer_dma 13.0]
Progress: Parameterizing module Pixel_Buffer_DMA
Progress: Adding Pixel_RGB_Resampler [altera_up_avalon_video_rgb_resampler 13.0]
Progress: Parameterizing module Pixel_RGB_Resampler
Progress: Adding Pixel_Scaler [altera_up_avalon_video_scaler 13.0]
Progress: Parameterizing module Pixel_Scaler
Progress: Adding VGA_Controller [altera_up_avalon_video_vga_controller 13.0]
Progress: Parameterizing module VGA_Controller
Progress: Adding Video_In_Decoder [altera_up_avalon_video_decoder 13.0]
Progress: Parameterizing module Video_In_Decoder
Progress: Adding Video_Clipper [altera_up_avalon_video_clipper 13.0]
Progress: Parameterizing module Video_Clipper
Progress: Adding Video_DMA [altera_up_avalon_video_dma_controller 13.0]
Progress: Parameterizing module Video_DMA
Progress: Adding AV_Config [altera_up_avalon_audio_and_video_config 13.0]
Progress: Parameterizing module AV_Config
Progress: Adding Edge_Detection [altera_up_avalon_video_edge_detection 13.0]
Progress: Parameterizing module Edge_Detection
Progress: Adding CPU [altera_nios2_qsys 13.0]
Progress: Parameterizing module CPU
Progress: Adding Clock_Signals [altera_up_clocks 13.0]
Progress: Parameterizing module Clock_Signals
Progress: Adding jtag_uart_0 [altera_avalon_jtag_uart 13.0.1.99.2]
Progress: Parameterizing module jtag_uart_0
Progress: Adding clk_vga [clock_source 13.0]
Progress: Parameterizing module clk_vga
Progress: Adding video_bayer_resampler [altera_up_avalon_video_bayer_resampler 13.0]
Progress: Parameterizing module video_bayer_resampler
Progress: Adding video_clipper_0 [altera_up_avalon_video_clipper 13.0]
Progress: Parameterizing module video_clipper_0
Progress: Adding video_scaler_0 [altera_up_avalon_video_scaler 13.0]
Progress: Parameterizing module video_scaler_0
Progress: Adding video_rgb_resampler_0 [altera_up_avalon_video_rgb_resampler 13.0]
Progress: Parameterizing module video_rgb_resampler_0
Progress: Adding sysid_qsys_0 [altera_avalon_sysid_qsys 13.0]
Progress: Parameterizing module sysid_qsys_0
Progress: Adding sdram_0 [altera_avalon_new_sdram_controller 13.0.1.99.2]
Progress: Parameterizing module sdram_0
Progress: Adding timer_system [altera_avalon_timer 13.0.1.99.2]
Progress: Parameterizing module timer_system
Progress: Adding timer_timestamp [altera_avalon_timer 13.0.1.99.2]
Progress: Parameterizing module timer_timestamp
Progress: Adding lcd [altera_avalon_lcd_16207 13.0.1.99.2]
Progress: Parameterizing module lcd
Progress: Adding red_leds [altera_avalon_pio 13.0.1.99.2]
Progress: Parameterizing module red_leds
Progress: Adding green_leds [altera_avalon_pio 13.0.1.99.2]
Progress: Parameterizing module green_leds
Progress: Adding switch [altera_avalon_pio 13.0.1.99.2]
Progress: Parameterizing module switch
Progress: Adding nios_custom_instr_floating_point_0 [altera_nios_custom_instr_floating_point 13.0]
Progress: Parameterizing module nios_custom_instr_floating_point_0
Progress: Adding Altera_UP_SD_Card_Avalon_Interface_0 [Altera_UP_SD_Card_Avalon_Interface 13.0]
Progress: Parameterizing module Altera_UP_SD_Card_Avalon_Interface_0
Progress: Adding SobleEdge_0 [SobleEdge 1.0]
Progress: Parameterizing module SobleEdge_0
Progress: Adding Barcode_scan_0 [Barcode_scan 1.0]
Progress: Parameterizing module Barcode_scan_0
Progress: Adding st_splitter_0 [altera_avalon_st_splitter 13.0]
Progress: Parameterizing module st_splitter_0
Progress: Building connections
Progress: Parameterizing connections
Progress: Validating
Progress: Done reading input file
Info: SOPC_Video.Pixel_RGB_Resampler: RGB Resampling: 8 (bits) x 1 (planes) -> 10 (bits) x 3 (planes)
Info: SOPC_Video.VGA_Controller: Video Output Stream: Format: 640 x 480 with Color: 10 (bits) x 3 (planes)
Info: SOPC_Video.Video_In_Decoder: Video In Stream: Format: 2592 x 1944 (default) with Colour: 8 (bits) x 1 (planes) (RGB Bayer Pattern)
Info: SOPC_Video.CPU: CPUID control register value is 0. Please manually assign CPUID if creating multiple Nios II system
Info: SOPC_Video.video_bayer_resampler: Change in Resolution: 2592 x 1944 -> 1296 x 972
Info: SOPC_Video.video_clipper_0: Change in Resolution: 1296 x 972 -> 1280 x 960
Info: SOPC_Video.video_scaler_0: Change in Resolution: 1280 x 960 -> 640 x 480
Info: SOPC_Video.video_rgb_resampler_0: RGB Resampling: 8 (bits) x 3 (planes) -> 8 (bits) x 1 (planes)
Info: SOPC_Video.sysid_qsys_0: System ID is not assigned automatically. Edit the System ID parameter to provide a unique ID
Info: SOPC_Video.sysid_qsys_0: Time stamp will be automatically updated when this component is generated.
Info: SOPC_Video.switch: PIO inputs are not hardwired in test bench. Undefined values will be read from PIO inputs during simulation.
Warning: SOPC_Video.Barcode_scan_0.avalon_streaming_source: Signal ast_source_ready of type ready must have direction of input
Info: SOPC_Video.video_rgb_resampler_0.avalon_rgb_source/st_splitter_0.in: The sink has a empty signal of 1 bits, but the source does not. Avalon Streaming Transform will be executed.
Info: SOPC_Video.st_splitter_0.out0/Barcode_scan_0.avalon_streaming_sink: The source has a empty signal of 1 bits, but the sink does not. Avalon Streaming Transform will be executed.
Info: SOPC_Video.st_splitter_0.out1/Video_DMA.avalon_dma_sink: The source has a empty signal of 1 bits, but the sink does not. Avalon Streaming Transform will be executed.
Warning: SOPC_Video.Barcode_scan_0.avalon_streaming_source: Barcode_scan_0.avalon_streaming_source must be connected to an Avalon-ST sink
Info: ip-generate succeeded.
Info: Finished: Create block symbol file (.bsf)
Info: 
Info: Starting: Create HDL design files for synthesis
Info: ip-generate --project-directory=Y:/Desktop/ETDSPC/BarCode_pixel_scan/SOPC_edge/ --output-directory=Y:/Desktop/ETDSPC/BarCode_pixel_scan/SOPC_edge/SOPC_Video/synthesis/ --file-set=QUARTUS_SYNTH --report-file=sopcinfo:Y:/Desktop/ETDSPC/BarCode_pixel_scan/SOPC_edge/SOPC_Video.sopcinfo --report-file=html:Y:/Desktop/ETDSPC/BarCode_pixel_scan/SOPC_edge/SOPC_Video.html --report-file=qip:Y:/Desktop/ETDSPC/BarCode_pixel_scan/SOPC_edge/SOPC_Video/synthesis/SOPC_Video.qip --report-file=cmp:Y:/Desktop/ETDSPC/BarCode_pixel_scan/SOPC_edge/SOPC_Video.cmp --report-file=svd --system-info=DEVICE_FAMILY="Cyclone II" --system-info=DEVICE=EP2C35F672C6 --system-info=DEVICE_SPEEDGRADE=6 --component-file=Y:/Desktop/ETDSPC/BarCode_pixel_scan/SOPC_edge/SOPC_Video.qsys --language=VERILOG
Progress: Loading SOPC_edge/SOPC_Video.qsys
Progress: Reading input file
Progress: Adding clk_0 [clock_source 13.0]
Progress: Parameterizing module clk_0
Progress: Adding Onchip_Memory [altera_avalon_onchip_memory2 13.0.1.99.2]
Progress: Parameterizing module Onchip_Memory
Progress: Adding Dual_Clock_FIFO [altera_up_avalon_video_dual_clock_buffer 13.0]
Progress: Parameterizing module Dual_Clock_FIFO
Progress: Adding Pixel_Buffer [altera_up_avalon_sram 13.0]
Progress: Parameterizing module Pixel_Buffer
Progress: Adding Pixel_Buffer_DMA [altera_up_avalon_video_pixel_buffer_dma 13.0]
Progress: Parameterizing module Pixel_Buffer_DMA
Progress: Adding Pixel_RGB_Resampler [altera_up_avalon_video_rgb_resampler 13.0]
Progress: Parameterizing module Pixel_RGB_Resampler
Progress: Adding Pixel_Scaler [altera_up_avalon_video_scaler 13.0]
Progress: Parameterizing module Pixel_Scaler
Progress: Adding VGA_Controller [altera_up_avalon_video_vga_controller 13.0]
Progress: Parameterizing module VGA_Controller
Progress: Adding Video_In_Decoder [altera_up_avalon_video_decoder 13.0]
Progress: Parameterizing module Video_In_Decoder
Progress: Adding Video_Clipper [altera_up_avalon_video_clipper 13.0]
Progress: Parameterizing module Video_Clipper
Progress: Adding Video_DMA [altera_up_avalon_video_dma_controller 13.0]
Progress: Parameterizing module Video_DMA
Progress: Adding AV_Config [altera_up_avalon_audio_and_video_config 13.0]
Progress: Parameterizing module AV_Config
Progress: Adding Edge_Detection [altera_up_avalon_video_edge_detection 13.0]
Progress: Parameterizing module Edge_Detection
Progress: Adding CPU [altera_nios2_qsys 13.0]
Progress: Parameterizing module CPU
Progress: Adding Clock_Signals [altera_up_clocks 13.0]
Progress: Parameterizing module Clock_Signals
Progress: Adding jtag_uart_0 [altera_avalon_jtag_uart 13.0.1.99.2]
Progress: Parameterizing module jtag_uart_0
Progress: Adding clk_vga [clock_source 13.0]
Progress: Parameterizing module clk_vga
Progress: Adding video_bayer_resampler [altera_up_avalon_video_bayer_resampler 13.0]
Progress: Parameterizing module video_bayer_resampler
Progress: Adding video_clipper_0 [altera_up_avalon_video_clipper 13.0]
Progress: Parameterizing module video_clipper_0
Progress: Adding video_scaler_0 [altera_up_avalon_video_scaler 13.0]
Progress: Parameterizing module video_scaler_0
Progress: Adding video_rgb_resampler_0 [altera_up_avalon_video_rgb_resampler 13.0]
Progress: Parameterizing module video_rgb_resampler_0
Progress: Adding sysid_qsys_0 [altera_avalon_sysid_qsys 13.0]
Progress: Parameterizing module sysid_qsys_0
Progress: Adding sdram_0 [altera_avalon_new_sdram_controller 13.0.1.99.2]
Progress: Parameterizing module sdram_0
Progress: Adding timer_system [altera_avalon_timer 13.0.1.99.2]
Progress: Parameterizing module timer_system
Progress: Adding timer_timestamp [altera_avalon_timer 13.0.1.99.2]
Progress: Parameterizing module timer_timestamp
Progress: Adding lcd [altera_avalon_lcd_16207 13.0.1.99.2]
Progress: Parameterizing module lcd
Progress: Adding red_leds [altera_avalon_pio 13.0.1.99.2]
Progress: Parameterizing module red_leds
Progress: Adding green_leds [altera_avalon_pio 13.0.1.99.2]
Progress: Parameterizing module green_leds
Progress: Adding switch [altera_avalon_pio 13.0.1.99.2]
Progress: Parameterizing module switch
Progress: Adding nios_custom_instr_floating_point_0 [altera_nios_custom_instr_floating_point 13.0]
Progress: Parameterizing module nios_custom_instr_floating_point_0
Progress: Adding Altera_UP_SD_Card_Avalon_Interface_0 [Altera_UP_SD_Card_Avalon_Interface 13.0]
Progress: Parameterizing module Altera_UP_SD_Card_Avalon_Interface_0
Progress: Adding SobleEdge_0 [SobleEdge 1.0]
Progress: Parameterizing module SobleEdge_0
Progress: Adding Barcode_scan_0 [Barcode_scan 1.0]
Progress: Parameterizing module Barcode_scan_0
Progress: Adding st_splitter_0 [altera_avalon_st_splitter 13.0]
Progress: Parameterizing module st_splitter_0
Progress: Building connections
Progress: Parameterizing connections
Progress: Validating
Progress: Done reading input file
Info: SOPC_Video.Pixel_RGB_Resampler: RGB Resampling: 8 (bits) x 1 (planes) -> 10 (bits) x 3 (planes)
Info: SOPC_Video.VGA_Controller: Video Output Stream: Format: 640 x 480 with Color: 10 (bits) x 3 (planes)
Info: SOPC_Video.Video_In_Decoder: Video In Stream: Format: 2592 x 1944 (default) with Colour: 8 (bits) x 1 (planes) (RGB Bayer Pattern)
Info: SOPC_Video.CPU: CPUID control register value is 0. Please manually assign CPUID if creating multiple Nios II system
Info: SOPC_Video.video_bayer_resampler: Change in Resolution: 2592 x 1944 -> 1296 x 972
Info: SOPC_Video.video_clipper_0: Change in Resolution: 1296 x 972 -> 1280 x 960
Info: SOPC_Video.video_scaler_0: Change in Resolution: 1280 x 960 -> 640 x 480
Info: SOPC_Video.video_rgb_resampler_0: RGB Resampling: 8 (bits) x 3 (planes) -> 8 (bits) x 1 (planes)
Info: SOPC_Video.sysid_qsys_0: System ID is not assigned automatically. Edit the System ID parameter to provide a unique ID
Info: SOPC_Video.sysid_qsys_0: Time stamp will be automatically updated when this component is generated.
Info: SOPC_Video.switch: PIO inputs are not hardwired in test bench. Undefined values will be read from PIO inputs during simulation.
Warning: SOPC_Video.Barcode_scan_0.avalon_streaming_source: Signal ast_source_ready of type ready must have direction of input
Info: SOPC_Video.video_rgb_resampler_0.avalon_rgb_source/st_splitter_0.in: The sink has a empty signal of 1 bits, but the source does not. Avalon Streaming Transform will be executed.
Info: SOPC_Video.st_splitter_0.out0/Barcode_scan_0.avalon_streaming_sink: The source has a empty signal of 1 bits, but the sink does not. Avalon Streaming Transform will be executed.
Info: SOPC_Video.st_splitter_0.out1/Video_DMA.avalon_dma_sink: The source has a empty signal of 1 bits, but the sink does not. Avalon Streaming Transform will be executed.
Warning: SOPC_Video.Barcode_scan_0.avalon_streaming_source: Barcode_scan_0.avalon_streaming_source must be connected to an Avalon-ST sink
Info: SOPC_Video: Generating SOPC_Video "SOPC_Video" for QUARTUS_SYNTH
Info: pipeline_bridge_swap_transform: After transform: 30 modules, 185 connections
Info: merlin_custom_instruction_transform: After transform: 33 modules, 188 connections
Info: merlin_translator_transform: After transform: 54 modules, 314 connections
Info: merlin_domain_transform: After transform: 95 modules, 713 connections
Info: merlin_router_transform: After transform: 116 modules, 839 connections
Info: merlin_burst_transform: After transform: 119 modules, 857 connections
Info: reset_adaptation_transform: After transform: 123 modules, 468 connections
Info: merlin_network_to_switch_transform: After transform: 164 modules, 554 connections
Info: merlin_width_transform: After transform: 176 modules, 590 connections
Info: merlin_mm_transform: After transform: 176 modules, 590 connections
Info: merlin_interrupt_mapper_transform: After transform: 177 modules, 593 connections
Info: avalon_st_adapter: Inserting data_format_adapter: data_format_adapter_0
Info: avalon_st_adapter_001: Inserting data_format_adapter: data_format_adapter_0
Info: avalon_st_adapter_002: Inserting data_format_adapter: data_format_adapter_0
Info: com_altera_sopcmodel_transforms_avalonst_AvalonStreamingTransform: After transform: 180 modules, 602 connections
Warning: SOPC_Video: "No matching role found for CPU_custom_instruction_master_multi_xconnect:ci_slave:ci_slave_ipending (ipending)"
Warning: SOPC_Video: "No matching role found for CPU_custom_instruction_master_multi_xconnect:ci_slave:ci_slave_estatus (estatus)"
Warning: SOPC_Video: "No matching role found for rst_controller:reset_out:reset_req (reset_req)"
Warning: SOPC_Video: "No matching role found for rst_controller:reset_out:reset_req (reset_req)"
Warning: SOPC_Video: "No matching role found for rst_controller:reset_out:reset_req (reset_req)"
Warning: SOPC_Video: "No matching role found for rst_controller:reset_out:reset_req (reset_req)"
Warning: SOPC_Video: "No matching role found for rst_controller:reset_out:reset_req (reset_req)"
Warning: SOPC_Video: "No matching role found for rst_controller:reset_out:reset_req (reset_req)"
Warning: SOPC_Video: "No matching role found for rst_controller:reset_out:reset_req (reset_req)"
Warning: SOPC_Video: "No matching role found for rst_controller:reset_out:reset_req (reset_req)"
Warning: SOPC_Video: "No matching role found for rst_controller:reset_out:reset_req (reset_req)"
Warning: SOPC_Video: "No matching role found for rst_controller:reset_out:reset_req (reset_req)"
Warning: SOPC_Video: "No matching role found for rst_controller:reset_out:reset_req (reset_req)"
Warning: SOPC_Video: "No matching role found for rst_controller:reset_out:reset_req (reset_req)"
Warning: SOPC_Video: "No matching role found for rst_controller:reset_out:reset_req (reset_req)"
Warning: SOPC_Video: "No matching role found for rst_controller:reset_out:reset_req (reset_req)"
Warning: SOPC_Video: "No matching role found for rst_controller:reset_out:reset_req (reset_req)"
Warning: SOPC_Video: "No matching role found for rst_controller:reset_out:reset_req (reset_req)"
Warning: SOPC_Video: "No matching role found for rst_controller:reset_out:reset_req (reset_req)"
Warning: SOPC_Video: "No matching role found for rst_controller:reset_out:reset_req (reset_req)"
Warning: SOPC_Video: "No matching role found for rst_controller:reset_out:reset_req (reset_req)"
Warning: SOPC_Video: "No matching role found for rst_controller:reset_out:reset_req (reset_req)"
Warning: SOPC_Video: "No matching role found for rst_controller:reset_out:reset_req (reset_req)"
Warning: SOPC_Video: "No matching role found for rst_controller:reset_out:reset_req (reset_req)"
Warning: SOPC_Video: "No matching role found for rst_controller:reset_out:reset_req (reset_req)"
Warning: SOPC_Video: "No matching role found for rst_controller:reset_out:reset_req (reset_req)"
Warning: SOPC_Video: "No matching role found for rst_controller:reset_out:reset_req (reset_req)"
Warning: SOPC_Video: "No matching role found for rst_controller:reset_out:reset_req (reset_req)"
Warning: SOPC_Video: "No matching role found for rst_controller:reset_out:reset_req (reset_req)"
Warning: SOPC_Video: "No matching role found for rst_controller:reset_out:reset_req (reset_req)"
Warning: SOPC_Video: "No matching role found for rst_controller:reset_out:reset_req (reset_req)"
Warning: SOPC_Video: "No matching role found for rst_controller:reset_out:reset_req (reset_req)"
Warning: SOPC_Video: "No matching role found for rst_controller:reset_out:reset_req (reset_req)"
Warning: SOPC_Video: "No matching role found for rst_controller:reset_out:reset_req (reset_req)"
Warning: SOPC_Video: "No matching role found for rst_controller:reset_out:reset_req (reset_req)"
Warning: SOPC_Video: "No matching role found for rst_controller:reset_out:reset_req (reset_req)"
Warning: SOPC_Video: "No matching role found for rst_controller:reset_out:reset_req (reset_req)"
Warning: SOPC_Video: "No matching role found for rst_controller:reset_out:reset_req (reset_req)"
Warning: SOPC_Video: "No matching role found for rst_controller:reset_out:reset_req (reset_req)"
Warning: SOPC_Video: "No matching role found for rst_controller:reset_out:reset_req (reset_req)"
Warning: SOPC_Video: "No matching role found for rst_controller:reset_out:reset_req (reset_req)"
Warning: SOPC_Video: "No matching role found for rst_controller:reset_out:reset_req (reset_req)"
Warning: SOPC_Video: "No matching role found for rst_controller:reset_out:reset_req (reset_req)"
Warning: SOPC_Video: "No matching role found for rst_controller:reset_out:reset_req (reset_req)"
Warning: SOPC_Video: "No matching role found for rst_controller:reset_out:reset_req (reset_req)"
Warning: SOPC_Video: "No matching role found for rst_controller:reset_out:reset_req (reset_req)"
Warning: SOPC_Video: "No matching role found for rst_controller:reset_out:reset_req (reset_req)"
Warning: SOPC_Video: "No matching role found for rst_controller:reset_out:reset_req (reset_req)"
Warning: SOPC_Video: "No matching role found for rst_controller:reset_out:reset_req (reset_req)"
Warning: SOPC_Video: "No matching role found for rst_controller:reset_out:reset_req (reset_req)"
Warning: SOPC_Video: "No matching role found for rst_controller:reset_out:reset_req (reset_req)"
Warning: SOPC_Video: "No matching role found for rst_controller:reset_out:reset_req (reset_req)"
Warning: SOPC_Video: "No matching role found for rst_controller:reset_out:reset_req (reset_req)"
Warning: SOPC_Video: "No matching role found for rst_controller:reset_out:reset_req (reset_req)"
Warning: SOPC_Video: "No matching role found for rst_controller:reset_out:reset_req (reset_req)"
Warning: SOPC_Video: "No matching role found for rst_controller:reset_out:reset_req (reset_req)"
Warning: SOPC_Video: "No matching role found for rst_controller:reset_out:reset_req (reset_req)"
Warning: SOPC_Video: "No matching role found for rst_controller:reset_out:reset_req (reset_req)"
Warning: SOPC_Video: "No matching role found for rst_controller:reset_out:reset_req (reset_req)"
Warning: SOPC_Video: "No matching role found for rst_controller:reset_out:reset_req (reset_req)"
Warning: SOPC_Video: "No matching role found for rst_controller:reset_out:reset_req (reset_req)"
Warning: SOPC_Video: "No matching role found for rst_controller:reset_out:reset_req (reset_req)"
Warning: SOPC_Video: "No matching role found for rst_controller:reset_out:reset_req (reset_req)"
Warning: SOPC_Video: "No matching role found for rst_controller:reset_out:reset_req (reset_req)"
Warning: SOPC_Video: "No matching role found for rst_controller:reset_out:reset_req (reset_req)"
Warning: SOPC_Video: "No matching role found for rst_controller:reset_out:reset_req (reset_req)"
Warning: SOPC_Video: "No matching role found for rst_controller:reset_out:reset_req (reset_req)"
Warning: SOPC_Video: "No matching role found for rst_controller:reset_out:reset_req (reset_req)"
Warning: SOPC_Video: "No matching role found for rst_controller:reset_out:reset_req (reset_req)"
Warning: SOPC_Video: "No matching role found for rst_controller:reset_out:reset_req (reset_req)"
Warning: SOPC_Video: "No matching role found for rst_controller:reset_out:reset_req (reset_req)"
Warning: SOPC_Video: "No matching role found for rst_controller:reset_out:reset_req (reset_req)"
Warning: SOPC_Video: "No matching role found for rst_controller:reset_out:reset_req (reset_req)"
Warning: SOPC_Video: "No matching role found for rst_controller:reset_out:reset_req (reset_req)"
Warning: SOPC_Video: "No matching role found for rst_controller:reset_out:reset_req (reset_req)"
Warning: SOPC_Video: "No matching role found for rst_controller:reset_out:reset_req (reset_req)"
Warning: SOPC_Video: "No matching role found for rst_controller:reset_out:reset_req (reset_req)"
Warning: SOPC_Video: "No matching role found for rst_controller:reset_out:reset_req (reset_req)"
Warning: SOPC_Video: "No matching role found for rst_controller:reset_out:reset_req (reset_req)"
Warning: SOPC_Video: "No matching role found for rst_controller:reset_out:reset_req (reset_req)"
Warning: SOPC_Video: "No matching role found for rst_controller:reset_out:reset_req (reset_req)"
Warning: SOPC_Video: "No matching role found for rst_controller:reset_out:reset_req (reset_req)"
Warning: SOPC_Video: "No matching role found for rst_controller:reset_out:reset_req (reset_req)"
Warning: SOPC_Video: "No matching role found for rst_controller:reset_out:reset_req (reset_req)"
Warning: SOPC_Video: "No matching role found for rst_controller:reset_out:reset_req (reset_req)"
Warning: SOPC_Video: "No matching role found for rst_controller:reset_out:reset_req (reset_req)"
Warning: SOPC_Video: "No matching role found for rst_controller:reset_out:reset_req (reset_req)"
Warning: SOPC_Video: "No matching role found for rst_controller:reset_out:reset_req (reset_req)"
Warning: SOPC_Video: "No matching role found for rst_controller:reset_out:reset_req (reset_req)"
Warning: SOPC_Video: "No matching role found for rst_controller:reset_out:reset_req (reset_req)"
Warning: SOPC_Video: "No matching role found for rst_controller:reset_out:reset_req (reset_req)"
Warning: SOPC_Video: "No matching role found for rst_controller:reset_out:reset_req (reset_req)"
Warning: SOPC_Video: "No matching role found for rst_controller:reset_out:reset_req (reset_req)"
Warning: SOPC_Video: "No matching role found for rst_controller:reset_out:reset_req (reset_req)"
Warning: SOPC_Video: "No matching role found for rst_controller:reset_out:reset_req (reset_req)"
Warning: SOPC_Video: "No matching role found for rst_controller:reset_out:reset_req (reset_req)"
Warning: SOPC_Video: "No matching role found for rst_controller:reset_out:reset_req (reset_req)"
Warning: SOPC_Video: "No matching role found for rst_controller:reset_out:reset_req (reset_req)"
Warning: SOPC_Video: "No matching role found for rst_controller:reset_out:reset_req (reset_req)"
Warning: SOPC_Video: "No matching role found for rst_controller:reset_out:reset_req (reset_req)"
Warning: SOPC_Video: "No matching role found for rst_controller:reset_out:reset_req (reset_req)"
Warning: SOPC_Video: "No matching role found for rst_controller:reset_out:reset_req (reset_req)"
Warning: SOPC_Video: "No matching role found for rst_controller:reset_out:reset_req (reset_req)"
Warning: SOPC_Video: "No matching role found for rst_controller:reset_out:reset_req (reset_req)"
Warning: SOPC_Video: "No matching role found for rst_controller:reset_out:reset_req (reset_req)"
Warning: SOPC_Video: "No matching role found for rst_controller:reset_out:reset_req (reset_req)"
Warning: SOPC_Video: "No matching role found for rst_controller:reset_out:reset_req (reset_req)"
Warning: SOPC_Video: "No matching role found for rst_controller:reset_out:reset_req (reset_req)"
Warning: SOPC_Video: "No matching role found for rst_controller:reset_out:reset_req (reset_req)"
Warning: SOPC_Video: "No matching role found for rst_controller:reset_out:reset_req (reset_req)"
Warning: SOPC_Video: "No matching role found for rst_controller:reset_out:reset_req (reset_req)"
Warning: SOPC_Video: "No matching role found for rst_controller:reset_out:reset_req (reset_req)"
Warning: SOPC_Video: "No matching role found for rst_controller:reset_out:reset_req (reset_req)"
Warning: SOPC_Video: "No matching role found for rst_controller:reset_out:reset_req (reset_req)"
Warning: SOPC_Video: "No matching role found for rst_controller:reset_out:reset_req (reset_req)"
Warning: SOPC_Video: "No matching role found for rst_controller:reset_out:reset_req (reset_req)"
Warning: SOPC_Video: "No matching role found for rst_controller:reset_out:reset_req (reset_req)"
Warning: SOPC_Video: "No matching role found for rst_controller:reset_out:reset_req (reset_req)"
Warning: SOPC_Video: "No matching role found for rst_controller:reset_out:reset_req (reset_req)"
Warning: SOPC_Video: "No matching role found for rst_controller:reset_out:reset_req (reset_req)"
Warning: SOPC_Video: "No matching role found for rst_controller:reset_out:reset_req (reset_req)"
Warning: SOPC_Video: "No matching role found for rst_controller:reset_out:reset_req (reset_req)"
Warning: SOPC_Video: "No matching role found for rst_controller:reset_out:reset_req (reset_req)"
Warning: SOPC_Video: "No matching role found for rst_controller:reset_out:reset_req (reset_req)"
Warning: SOPC_Video: "No matching role found for rst_controller:reset_out:reset_req (reset_req)"
Warning: SOPC_Video: "No matching role found for rst_controller:reset_out:reset_req (reset_req)"
Warning: SOPC_Video: "No matching role found for rst_controller:reset_out:reset_req (reset_req)"
Warning: SOPC_Video: "No matching role found for rst_controller:reset_out:reset_req (reset_req)"
Warning: SOPC_Video: "No matching role found for rst_controller:reset_out:reset_req (reset_req)"
Warning: SOPC_Video: "No matching role found for rst_controller:reset_out:reset_req (reset_req)"
Warning: SOPC_Video: "No matching role found for rst_controller:reset_out:reset_req (reset_req)"
Warning: SOPC_Video: "No matching role found for rst_controller:reset_out:reset_req (reset_req)"
Warning: SOPC_Video: "No matching role found for rst_controller:reset_out:reset_req (reset_req)"
Warning: SOPC_Video: "No matching role found for rst_controller:reset_out:reset_req (reset_req)"
Warning: SOPC_Video: "No matching role found for rst_controller:reset_out:reset_req (reset_req)"
Warning: SOPC_Video: "No matching role found for rst_controller:reset_out:reset_req (reset_req)"
Warning: SOPC_Video: "No matching role found for rst_controller:reset_out:reset_req (reset_req)"
Warning: SOPC_Video: "No matching role found for rst_controller:reset_out:reset_req (reset_req)"
Warning: SOPC_Video: "No matching role found for rst_controller:reset_out:reset_req (reset_req)"
Warning: SOPC_Video: "No matching role found for rst_controller:reset_out:reset_req (reset_req)"
Warning: SOPC_Video: "No matching role found for rst_controller:reset_out:reset_req (reset_req)"
Warning: SOPC_Video: "No matching role found for rst_controller:reset_out:reset_req (reset_req)"
Warning: SOPC_Video: "No matching role found for rst_controller:reset_out:reset_req (reset_req)"
Warning: SOPC_Video: "No matching role found for rst_controller:reset_out:reset_req (reset_req)"
Warning: SOPC_Video: "No matching role found for rst_controller:reset_out:reset_req (reset_req)"
Warning: SOPC_Video: "No matching role found for rst_controller:reset_out:reset_req (reset_req)"
Warning: SOPC_Video: "No matching role found for rst_controller:reset_out:reset_req (reset_req)"
Warning: SOPC_Video: "No matching role found for rst_controller:reset_out:reset_req (reset_req)"
Warning: SOPC_Video: "No matching role found for rst_controller:reset_out:reset_req (reset_req)"
Warning: SOPC_Video: "No matching role found for rst_controller:reset_out:reset_req (reset_req)"
Warning: SOPC_Video: "No matching role found for rst_controller:reset_out:reset_req (reset_req)"
Warning: SOPC_Video: "No matching role found for rst_controller:reset_out:reset_req (reset_req)"
Warning: SOPC_Video: "No matching role found for rst_controller:reset_out:reset_req (reset_req)"
Warning: SOPC_Video: "No matching role found for rst_controller:reset_out:reset_req (reset_req)"
Warning: SOPC_Video: "No matching role found for rst_controller:reset_out:reset_req (reset_req)"
Warning: SOPC_Video: "No matching role found for rst_controller:reset_out:reset_req (reset_req)"
Warning: SOPC_Video: "No matching role found for rst_controller:reset_out:reset_req (reset_req)"
Warning: SOPC_Video: "No matching role found for rst_controller:reset_out:reset_req (reset_req)"
Warning: SOPC_Video: "No matching role found for rst_controller:reset_out:reset_req (reset_req)"
Warning: SOPC_Video: "No matching role found for rst_controller:reset_out:reset_req (reset_req)"
Warning: SOPC_Video: "No matching role found for rst_controller:reset_out:reset_req (reset_req)"
Warning: SOPC_Video: "No matching role found for rst_controller:reset_out:reset_req (reset_req)"
Warning: SOPC_Video: "No matching role found for rst_controller:reset_out:reset_req (reset_req)"
Warning: SOPC_Video: "No matching role found for rst_controller:reset_out:reset_req (reset_req)"
Warning: SOPC_Video: "No matching role found for rst_controller:reset_out:reset_req (reset_req)"
Warning: SOPC_Video: "No matching role found for rst_controller:reset_out:reset_req (reset_req)"
Warning: SOPC_Video: "No matching role found for rst_controller:reset_out:reset_req (reset_req)"
Warning: SOPC_Video: "No matching role found for rst_controller:reset_out:reset_req (reset_req)"
Warning: SOPC_Video: "No matching role found for rst_controller:reset_out:reset_req (reset_req)"
Warning: SOPC_Video: "No matching role found for rst_controller:reset_out:reset_req (reset_req)"
Info: Onchip_Memory: Starting RTL generation for module 'SOPC_Video_Onchip_Memory'
Info: Onchip_Memory:   Generation command is [exec C:/altera/13.0sp1/quartus/bin/perl/bin/perl.exe -I C:/altera/13.0sp1/quartus/common/ip/altera/common/perl/5.8.3 -I C:/altera/13.0sp1/quartus/sopc_builder/bin/europa -I C:/altera/13.0sp1/quartus/sopc_builder/bin/perl_lib -I C:/altera/13.0sp1/quartus/sopc_builder/bin -I C:/altera/13.0sp1/quartus/../ip/altera/sopc_builder_ip/common -I C:/altera/13.0sp1/quartus/../ip/altera/sopc_builder_ip/altera_avalon_onchip_memory2 -- C:/altera/13.0sp1/quartus/../ip/altera/sopc_builder_ip/altera_avalon_onchip_memory2/generate_rtl.pl --name=SOPC_Video_Onchip_Memory --dir=C:/Users/MICKKI~1/AppData/Local/Temp/alt6889_8374969271156865556.dir/0003_Onchip_Memory_gen/ --quartus_dir=C:/altera/13.0sp1/quartus --verilog --config=C:/Users/MICKKI~1/AppData/Local/Temp/alt6889_8374969271156865556.dir/0003_Onchip_Memory_gen//SOPC_Video_Onchip_Memory_component_configuration.pl  --do_build_sim=0  ]
Info: Onchip_Memory: Done RTL generation for module 'SOPC_Video_Onchip_Memory'
Info: Onchip_Memory: "SOPC_Video" instantiated altera_avalon_onchip_memory2 "Onchip_Memory"
Info: Dual_Clock_FIFO: Starting Generation of the Dual Clock Buffer
Info: Dual_Clock_FIFO: "SOPC_Video" instantiated altera_up_avalon_video_dual_clock_buffer "Dual_Clock_FIFO"
Info: Pixel_Buffer: Starting Generation of SRAM or SSRAM Controller
Info: Pixel_Buffer: "SOPC_Video" instantiated altera_up_avalon_sram "Pixel_Buffer"
Info: Pixel_Buffer_DMA: Starting Generation of VGA Pixel Buffer
Info: Pixel_Buffer_DMA: "SOPC_Video" instantiated altera_up_avalon_video_pixel_buffer_dma "Pixel_Buffer_DMA"
Info: Pixel_RGB_Resampler: Starting Generation of Video RGB Resampler
Info: Pixel_RGB_Resampler: "SOPC_Video" instantiated altera_up_avalon_video_rgb_resampler "Pixel_RGB_Resampler"
Info: VGA_Controller: Starting Generation of VGA Controller
Info: VGA_Controller: "SOPC_Video" instantiated altera_up_avalon_video_vga_controller "VGA_Controller"
Info: Video_In_Decoder: Starting Generation of Video In Decoder
Info: Video_In_Decoder: "SOPC_Video" instantiated altera_up_avalon_video_decoder "Video_In_Decoder"
Info: Video_DMA: Starting Generation of Video DMA Controller
Info: Video_DMA: "SOPC_Video" instantiated altera_up_avalon_video_dma_controller "Video_DMA"
Info: AV_Config: Starting Generation of Audio and Video Config
Info: AV_Config: "SOPC_Video" instantiated altera_up_avalon_audio_and_video_config "AV_Config"
Info: CPU: Starting RTL generation for module 'SOPC_Video_CPU'
Info: CPU:   Generation command is [exec C:/altera/13.0sp1/quartus/../ip/altera/nios2_ip/altera_nios2/eperl.exe -I C:/altera/13.0sp1/quartus/common/ip/altera/common/perl/5.8.3 -I C:/altera/13.0sp1/quartus/sopc_builder/bin/europa -I C:/altera/13.0sp1/quartus/sopc_builder/bin/perl_lib -I C:/altera/13.0sp1/quartus/sopc_builder/bin -I C:/altera/13.0sp1/quartus/../ip/altera/nios2_ip/altera_nios2/cpu_lib -I C:/altera/13.0sp1/quartus/../ip/altera/nios2_ip/altera_nios2/nios_lib -I C:/altera/13.0sp1/quartus/../ip/altera/nios2_ip/altera_nios2 -I C:/altera/13.0sp1/quartus/../ip/altera/nios2_ip/altera_nios2 -- C:/altera/13.0sp1/quartus/../ip/altera/nios2_ip/altera_nios2/generate_rtl.epl --name=SOPC_Video_CPU --dir=C:/Users/MICKKI~1/AppData/Local/Temp/alt6889_8374969271156865556.dir/0012_CPU_gen/ --quartus_dir=C:/altera/13.0sp1/quartus --verilog --config=C:/Users/MICKKI~1/AppData/Local/Temp/alt6889_8374969271156865556.dir/0012_CPU_gen//SOPC_Video_CPU_processor_configuration.pl  --do_build_sim=0    --bogus  ]
Info: CPU: # 2016.03.29 11:57:05 (*) Starting Nios II generation
Info: CPU: # 2016.03.29 11:57:05 (*)   Checking for plaintext license.
Info: CPU: # 2016.03.29 11:57:15 (*)   Plaintext license not found.
Info: CPU: # 2016.03.29 11:57:15 (*)   No license required to generate encrypted Nios II/e.
Info: CPU: # 2016.03.29 11:57:15 (*)   Elaborating CPU configuration settings
Info: CPU: # 2016.03.29 11:57:15 (*)   Creating all objects for CPU
Info: CPU: # 2016.03.29 11:57:16 (*)   Generating RTL from CPU objects
Info: CPU: # 2016.03.29 11:57:16 (*)   Creating plain-text RTL
Info: CPU: # 2016.03.29 11:57:20 (*) Done Nios II generation
Info: CPU: Done RTL generation for module 'SOPC_Video_CPU'
Info: CPU: "SOPC_Video" instantiated altera_nios2_qsys "CPU"
Info: Clock_Signals: Starting Generation of Required Clocks for DE-Series Boards
Info: Clock_Signals: "SOPC_Video" instantiated altera_up_clocks "Clock_Signals"
Info: jtag_uart_0: Starting RTL generation for module 'SOPC_Video_jtag_uart_0'
Info: jtag_uart_0:   Generation command is [exec C:/altera/13.0sp1/quartus/bin/perl/bin/perl.exe -I C:/altera/13.0sp1/quartus/common/ip/altera/common/perl/5.8.3 -I C:/altera/13.0sp1/quartus/sopc_builder/bin/europa -I C:/altera/13.0sp1/quartus/sopc_builder/bin/perl_lib -I C:/altera/13.0sp1/quartus/sopc_builder/bin -I C:/altera/13.0sp1/quartus/../ip/altera/sopc_builder_ip/common -I C:/altera/13.0sp1/quartus/../ip/altera/sopc_builder_ip/altera_avalon_jtag_uart -- C:/altera/13.0sp1/quartus/../ip/altera/sopc_builder_ip/altera_avalon_jtag_uart/generate_rtl.pl --name=SOPC_Video_jtag_uart_0 --dir=C:/Users/MICKKI~1/AppData/Local/Temp/alt6889_8374969271156865556.dir/0014_jtag_uart_0_gen/ --quartus_dir=C:/altera/13.0sp1/quartus --verilog --config=C:/Users/MICKKI~1/AppData/Local/Temp/alt6889_8374969271156865556.dir/0014_jtag_uart_0_gen//SOPC_Video_jtag_uart_0_component_configuration.pl  --do_build_sim=0  ]
Info: jtag_uart_0: Done RTL generation for module 'SOPC_Video_jtag_uart_0'
Info: jtag_uart_0: "SOPC_Video" instantiated altera_avalon_jtag_uart "jtag_uart_0"
Info: video_bayer_resampler: Starting Generation of Video Bayer Pattern Resampler
Info: video_bayer_resampler: "SOPC_Video" instantiated altera_up_avalon_video_bayer_resampler "video_bayer_resampler"
Info: video_clipper_0: Starting generation of the video clipper
Info: video_clipper_0: "SOPC_Video" instantiated altera_up_avalon_video_clipper "video_clipper_0"
Info: video_scaler_0: Starting Generation of Video Scaler
Info: video_scaler_0: "SOPC_Video" instantiated altera_up_avalon_video_scaler "video_scaler_0"
Info: video_rgb_resampler_0: Starting Generation of Video RGB Resampler
Info: video_rgb_resampler_0: "SOPC_Video" instantiated altera_up_avalon_video_rgb_resampler "video_rgb_resampler_0"
Info: sysid_qsys_0: "SOPC_Video" instantiated altera_avalon_sysid_qsys "sysid_qsys_0"
Info: sdram_0: Starting RTL generation for module 'SOPC_Video_sdram_0'
Info: sdram_0:   Generation command is [exec C:/altera/13.0sp1/quartus/bin/perl/bin/perl.exe -I C:/altera/13.0sp1/quartus/common/ip/altera/common/perl/5.8.3 -I C:/altera/13.0sp1/quartus/sopc_builder/bin/europa -I C:/altera/13.0sp1/quartus/sopc_builder/bin/perl_lib -I C:/altera/13.0sp1/quartus/sopc_builder/bin -I C:/altera/13.0sp1/quartus/../ip/altera/sopc_builder_ip/common -I C:/altera/13.0sp1/quartus/../ip/altera/sopc_builder_ip/altera_avalon_new_sdram_controller -- C:/altera/13.0sp1/quartus/../ip/altera/sopc_builder_ip/altera_avalon_new_sdram_controller/generate_rtl.pl --name=SOPC_Video_sdram_0 --dir=C:/Users/MICKKI~1/AppData/Local/Temp/alt6889_8374969271156865556.dir/0020_sdram_0_gen/ --quartus_dir=C:/altera/13.0sp1/quartus --verilog --config=C:/Users/MICKKI~1/AppData/Local/Temp/alt6889_8374969271156865556.dir/0020_sdram_0_gen//SOPC_Video_sdram_0_component_configuration.pl  --do_build_sim=0  ]
Info: sdram_0: Done RTL generation for module 'SOPC_Video_sdram_0'
Info: sdram_0: "SOPC_Video" instantiated altera_avalon_new_sdram_controller "sdram_0"
Info: timer_system: Starting RTL generation for module 'SOPC_Video_timer_system'
Info: timer_system:   Generation command is [exec C:/altera/13.0sp1/quartus/bin/perl/bin/perl.exe -I C:/altera/13.0sp1/quartus/common/ip/altera/common/perl/5.8.3 -I C:/altera/13.0sp1/quartus/sopc_builder/bin/europa -I C:/altera/13.0sp1/quartus/sopc_builder/bin/perl_lib -I C:/altera/13.0sp1/quartus/sopc_builder/bin -I C:/altera/13.0sp1/quartus/../ip/altera/sopc_builder_ip/common -I C:/altera/13.0sp1/quartus/../ip/altera/sopc_builder_ip/altera_avalon_timer -- C:/altera/13.0sp1/quartus/../ip/altera/sopc_builder_ip/altera_avalon_timer/generate_rtl.pl --name=SOPC_Video_timer_system --dir=C:/Users/MICKKI~1/AppData/Local/Temp/alt6889_8374969271156865556.dir/0021_timer_system_gen/ --quartus_dir=C:/altera/13.0sp1/quartus --verilog --config=C:/Users/MICKKI~1/AppData/Local/Temp/alt6889_8374969271156865556.dir/0021_timer_system_gen//SOPC_Video_timer_system_component_configuration.pl  --do_build_sim=0  ]
Info: timer_system: Done RTL generation for module 'SOPC_Video_timer_system'
Info: timer_system: "SOPC_Video" instantiated altera_avalon_timer "timer_system"
Info: lcd: Starting RTL generation for module 'SOPC_Video_lcd'
Info: lcd:   Generation command is [exec C:/altera/13.0sp1/quartus/bin/perl/bin/perl.exe -I C:/altera/13.0sp1/quartus/common/ip/altera/common/perl/5.8.3 -I C:/altera/13.0sp1/quartus/sopc_builder/bin/europa -I C:/altera/13.0sp1/quartus/sopc_builder/bin/perl_lib -I C:/altera/13.0sp1/quartus/sopc_builder/bin -I C:/altera/13.0sp1/quartus/../ip/altera/sopc_builder_ip/common -I C:/altera/13.0sp1/quartus/../ip/altera/sopc_builder_ip/altera_avalon_lcd_16207 -- C:/altera/13.0sp1/quartus/../ip/altera/sopc_builder_ip/altera_avalon_lcd_16207/generate_rtl.pl --name=SOPC_Video_lcd --dir=C:/Users/MICKKI~1/AppData/Local/Temp/alt6889_8374969271156865556.dir/0022_lcd_gen/ --quartus_dir=C:/altera/13.0sp1/quartus --verilog --config=C:/Users/MICKKI~1/AppData/Local/Temp/alt6889_8374969271156865556.dir/0022_lcd_gen//SOPC_Video_lcd_component_configuration.pl  --do_build_sim=0  ]
Info: lcd: Done RTL generation for module 'SOPC_Video_lcd'
Info: lcd: "SOPC_Video" instantiated altera_avalon_lcd_16207 "lcd"
Info: red_leds: Starting RTL generation for module 'SOPC_Video_red_leds'
Info: red_leds:   Generation command is [exec C:/altera/13.0sp1/quartus/bin/perl/bin/perl.exe -I C:/altera/13.0sp1/quartus/common/ip/altera/common/perl/5.8.3 -I C:/altera/13.0sp1/quartus/sopc_builder/bin/europa -I C:/altera/13.0sp1/quartus/sopc_builder/bin/perl_lib -I C:/altera/13.0sp1/quartus/sopc_builder/bin -I C:/altera/13.0sp1/quartus/../ip/altera/sopc_builder_ip/common -I C:/altera/13.0sp1/quartus/../ip/altera/sopc_builder_ip/altera_avalon_pio -- C:/altera/13.0sp1/quartus/../ip/altera/sopc_builder_ip/altera_avalon_pio/generate_rtl.pl --name=SOPC_Video_red_leds --dir=C:/Users/MICKKI~1/AppData/Local/Temp/alt6889_8374969271156865556.dir/0023_red_leds_gen/ --quartus_dir=C:/altera/13.0sp1/quartus --verilog --config=C:/Users/MICKKI~1/AppData/Local/Temp/alt6889_8374969271156865556.dir/0023_red_leds_gen//SOPC_Video_red_leds_component_configuration.pl  --do_build_sim=0  ]
Info: red_leds: Done RTL generation for module 'SOPC_Video_red_leds'
Info: red_leds: "SOPC_Video" instantiated altera_avalon_pio "red_leds"
Info: switch: Starting RTL generation for module 'SOPC_Video_switch'
Info: switch:   Generation command is [exec C:/altera/13.0sp1/quartus/bin/perl/bin/perl.exe -I C:/altera/13.0sp1/quartus/common/ip/altera/common/perl/5.8.3 -I C:/altera/13.0sp1/quartus/sopc_builder/bin/europa -I C:/altera/13.0sp1/quartus/sopc_builder/bin/perl_lib -I C:/altera/13.0sp1/quartus/sopc_builder/bin -I C:/altera/13.0sp1/quartus/../ip/altera/sopc_builder_ip/common -I C:/altera/13.0sp1/quartus/../ip/altera/sopc_builder_ip/altera_avalon_pio -- C:/altera/13.0sp1/quartus/../ip/altera/sopc_builder_ip/altera_avalon_pio/generate_rtl.pl --name=SOPC_Video_switch --dir=C:/Users/MICKKI~1/AppData/Local/Temp/alt6889_8374969271156865556.dir/0024_switch_gen/ --quartus_dir=C:/altera/13.0sp1/quartus --verilog --config=C:/Users/MICKKI~1/AppData/Local/Temp/alt6889_8374969271156865556.dir/0024_switch_gen//SOPC_Video_switch_component_configuration.pl  --do_build_sim=0  ]
Info: switch: Done RTL generation for module 'SOPC_Video_switch'
Info: switch: "SOPC_Video" instantiated altera_avalon_pio "switch"
Info: nios_custom_instr_floating_point_0: "SOPC_Video" instantiated altera_nios_custom_instr_floating_point "nios_custom_instr_floating_point_0"
Info: Altera_UP_SD_Card_Avalon_Interface_0: "SOPC_Video" instantiated Altera_UP_SD_Card_Avalon_Interface "Altera_UP_SD_Card_Avalon_Interface_0"
Info: Barcode_scan_0: "SOPC_Video" instantiated Barcode_scan "Barcode_scan_0"
Info: st_splitter_0: "SOPC_Video" instantiated altera_avalon_st_splitter "st_splitter_0"
Info: CPU_custom_instruction_master_translator: "SOPC_Video" instantiated altera_customins_master_translator "CPU_custom_instruction_master_translator"
Info: CPU_custom_instruction_master_multi_xconnect: "SOPC_Video" instantiated altera_customins_xconnect "CPU_custom_instruction_master_multi_xconnect"
Info: CPU_custom_instruction_master_multi_slave_translator0: "SOPC_Video" instantiated altera_customins_slave_translator "CPU_custom_instruction_master_multi_slave_translator0"
Info: CPU_instruction_master_translator: "SOPC_Video" instantiated altera_merlin_master_translator "CPU_instruction_master_translator"
Info: CPU_jtag_debug_module_translator: "SOPC_Video" instantiated altera_merlin_slave_translator "CPU_jtag_debug_module_translator"
Info: CPU_instruction_master_translator_avalon_universal_master_0_agent: "SOPC_Video" instantiated altera_merlin_master_agent "CPU_instruction_master_translator_avalon_universal_master_0_agent"
Info: CPU_jtag_debug_module_translator_avalon_universal_slave_0_agent: "SOPC_Video" instantiated altera_merlin_slave_agent "CPU_jtag_debug_module_translator_avalon_universal_slave_0_agent"
Info: CPU_jtag_debug_module_translator_avalon_universal_slave_0_agent_rsp_fifo: "SOPC_Video" instantiated altera_avalon_sc_fifo "CPU_jtag_debug_module_translator_avalon_universal_slave_0_agent_rsp_fifo"
Info: addr_router: "SOPC_Video" instantiated altera_merlin_router "addr_router"
Info: addr_router_001: "SOPC_Video" instantiated altera_merlin_router "addr_router_001"
Info: addr_router_002: "SOPC_Video" instantiated altera_merlin_router "addr_router_002"
Info: id_router: "SOPC_Video" instantiated altera_merlin_router "id_router"
Info: id_router_002: "SOPC_Video" instantiated altera_merlin_router "id_router_002"
Info: id_router_003: "SOPC_Video" instantiated altera_merlin_router "id_router_003"
Info: id_router_004: "SOPC_Video" instantiated altera_merlin_router "id_router_004"
Info: id_router_016: "SOPC_Video" instantiated altera_merlin_router "id_router_016"
Info: burst_adapter: "SOPC_Video" instantiated altera_merlin_burst_adapter "burst_adapter"
Info: rst_controller: "SOPC_Video" instantiated altera_reset_controller "rst_controller"
Info: cmd_xbar_demux: "SOPC_Video" instantiated altera_merlin_demultiplexer "cmd_xbar_demux"
Info: cmd_xbar_demux_001: "SOPC_Video" instantiated altera_merlin_demultiplexer "cmd_xbar_demux_001"
Info: cmd_xbar_demux_002: "SOPC_Video" instantiated altera_merlin_demultiplexer "cmd_xbar_demux_002"
Info: cmd_xbar_mux: "SOPC_Video" instantiated altera_merlin_multiplexer "cmd_xbar_mux"
Info: cmd_xbar_mux_002: "SOPC_Video" instantiated altera_merlin_multiplexer "cmd_xbar_mux_002"
Info: Reusing file Y:/Desktop/ETDSPC/BarCode_pixel_scan/SOPC_edge/SOPC_Video/synthesis/submodules/altera_merlin_arbitrator.sv
Info: cmd_xbar_mux_003: "SOPC_Video" instantiated altera_merlin_multiplexer "cmd_xbar_mux_003"
Info: Reusing file Y:/Desktop/ETDSPC/BarCode_pixel_scan/SOPC_edge/SOPC_Video/synthesis/submodules/altera_merlin_arbitrator.sv
Info: rsp_xbar_demux: "SOPC_Video" instantiated altera_merlin_demultiplexer "rsp_xbar_demux"
Info: rsp_xbar_demux_002: "SOPC_Video" instantiated altera_merlin_demultiplexer "rsp_xbar_demux_002"
Info: rsp_xbar_demux_003: "SOPC_Video" instantiated altera_merlin_demultiplexer "rsp_xbar_demux_003"
Info: rsp_xbar_demux_004: "SOPC_Video" instantiated altera_merlin_demultiplexer "rsp_xbar_demux_004"
Info: rsp_xbar_mux: "SOPC_Video" instantiated altera_merlin_multiplexer "rsp_xbar_mux"
Info: Reusing file Y:/Desktop/ETDSPC/BarCode_pixel_scan/SOPC_edge/SOPC_Video/synthesis/submodules/altera_merlin_arbitrator.sv
Info: rsp_xbar_mux_001: "SOPC_Video" instantiated altera_merlin_multiplexer "rsp_xbar_mux_001"
Info: Reusing file Y:/Desktop/ETDSPC/BarCode_pixel_scan/SOPC_edge/SOPC_Video/synthesis/submodules/altera_merlin_arbitrator.sv
Info: width_adapter: "SOPC_Video" instantiated altera_merlin_width_adapter "width_adapter"
Info: Reusing file Y:/Desktop/ETDSPC/BarCode_pixel_scan/SOPC_edge/SOPC_Video/synthesis/submodules/altera_merlin_address_alignment.sv
Info: Reusing file Y:/Desktop/ETDSPC/BarCode_pixel_scan/SOPC_edge/SOPC_Video/synthesis/submodules/altera_merlin_burst_uncompressor.sv
Info: irq_mapper: "SOPC_Video" instantiated altera_irq_mapper "irq_mapper"
Info: pipeline_bridge_swap_transform: After transform: 3 modules, 3 connections
Info: No custom instruction connections, skipping transform 
Info: No Avalon connections, skipping transform 
Info: merlin_translator_transform: After transform: 3 modules, 3 connections
Info: avalon_st_adapter: "SOPC_Video" instantiated altera_avalon_st_adapter "avalon_st_adapter"
Info: pipeline_bridge_swap_transform: After transform: 3 modules, 3 connections
Info: No custom instruction connections, skipping transform 
Info: No Avalon connections, skipping transform 
Info: merlin_translator_transform: After transform: 3 modules, 3 connections
Info: avalon_st_adapter_001: "SOPC_Video" instantiated altera_avalon_st_adapter "avalon_st_adapter_001"
Info: data_format_adapter_0: Starting generation. 
Info: data_format_adapter_0: "avalon_st_adapter" instantiated data_format_adapter "data_format_adapter_0"
Info: data_format_adapter_0: Starting generation. 
Info: data_format_adapter_0: "avalon_st_adapter_001" instantiated data_format_adapter "data_format_adapter_0"
Info: SOPC_Video: Done SOPC_Video" with 63 modules, 270 files, 5646937 bytes
Info: ip-generate succeeded.
Info: Finished: Create HDL design files for synthesis
