Partition Merge report for SOPC_edge
Thu Mar 31 14:02:18 2016
Quartus II 32-bit Version 13.0.1 Build 232 06/12/2013 Service Pack 1 SJ Web Edition


---------------------
; Table of Contents ;
---------------------
  1. Legal Notice
  2. Partition Merge Summary
  3. Partition Merge Netlist Types Used
  4. Connections to In-System Debugging Instance "auto_signaltap_0"
  5. Partition Merge Partition Statistics
  6. Partition Merge Resource Usage Summary
  7. Partition Merge RAM Summary
  8. Partition Merge DSP Block Usage Summary
  9. Partition Merge Messages



----------------
; Legal Notice ;
----------------
Copyright (C) 1991-2013 Altera Corporation
Your use of Altera Corporation's design tools, logic functions 
and other software and tools, and its AMPP partner logic 
functions, and any output files from any of the foregoing 
(including device programming or simulation files), and any 
associated documentation or information are expressly subject 
to the terms and conditions of the Altera Program License 
Subscription Agreement, Altera MegaCore Function License 
Agreement, or other applicable license agreement, including, 
without limitation, that your use is for the sole purpose of 
programming logic devices manufactured by Altera and sold by 
Altera or its authorized distributors.  Please refer to the 
applicable agreement for further details.



+--------------------------------------------------------------------------------------+
; Partition Merge Summary                                                              ;
+------------------------------------+-------------------------------------------------+
; Partition Merge Status             ; Successful - Thu Mar 31 14:02:18 2016           ;
; Quartus II 32-bit Version          ; 13.0.1 Build 232 06/12/2013 SP 1 SJ Web Edition ;
; Revision Name                      ; SOPC_edge                                       ;
; Top-level Entity Name              ; Video_Edge_Detection                            ;
; Family                             ; Cyclone II                                      ;
; Total logic elements               ; 9,163                                           ;
;     Total combinational functions  ; 7,354                                           ;
;     Dedicated logic registers      ; 5,501                                           ;
; Total registers                    ; 5501                                            ;
; Total pins                         ; 205                                             ;
; Total virtual pins                 ; 0                                               ;
; Total memory bits                  ; 181,632                                         ;
; Embedded Multiplier 9-bit elements ; 7                                               ;
; Total PLLs                         ; 1                                               ;
+------------------------------------+-------------------------------------------------+


+-------------------------------------------------------------------------------------------------------------------------------+
; Partition Merge Netlist Types Used                                                                                            ;
+--------------------------------+----------------+-------------------+------------------------+--------------------------------+
; Partition Name                 ; Partition Type ; Netlist Type Used ; Netlist Type Requested ; Partition Contents             ;
+--------------------------------+----------------+-------------------+------------------------+--------------------------------+
; Top                            ; User-created   ; Source File       ; Post-Fit               ;                                ;
; sld_hub:auto_hub               ; Auto-generated ; Post-Synthesis    ; Post-Synthesis         ; sld_hub:auto_hub               ;
; sld_signaltap:auto_signaltap_0 ; Auto-generated ; Post-Synthesis    ; Post-Synthesis         ; sld_signaltap:auto_signaltap_0 ;
; hard_block:auto_generated_inst ; Auto-generated ; Source File       ; Source File            ; hard_block:auto_generated_inst ;
+--------------------------------+----------------+-------------------+------------------------+--------------------------------+


+------------------------------------------------------------------------------------------------------------------------------------------------------------------------------------------------------------------------------------------------------------------------------------------------------------------------------------------------------------------------------+
; Connections to In-System Debugging Instance "auto_signaltap_0"                                                                                                                                                                                                                                                                                                               ;
+--------------------------------------------------------------------------------------------------+--------------+-----------+----------------+-------------------+--------------------------------------------------------------------------------------------------+--------------------------------------------------------------------------------------------------------+
; Name                                                                                             ; Type         ; Status    ; Partition Name ; Netlist Type Used ; Actual Connection                                                                                ; Details                                                                                                ;
+--------------------------------------------------------------------------------------------------+--------------+-----------+----------------+-------------------+--------------------------------------------------------------------------------------------------+--------------------------------------------------------------------------------------------------------+
; CLOCK_50                                                                                         ; post-fitting ; connected ; Top            ; post-synthesis    ; CLOCK_50                                                                                         ; N/A                                                                                                    ;
; SOPC_Video:NiosVideo|SOPC_Video_Pixel_RGB_Resampler:pixel_rgb_resampler|stream_out_data[0]       ; post-fitting ; connected ; Top            ; post-synthesis    ; SOPC_Video:NiosVideo|SOPC_Video_Pixel_RGB_Resampler:pixel_rgb_resampler|stream_out_data[0]       ; N/A                                                                                                    ;
; SOPC_Video:NiosVideo|SOPC_Video_Pixel_RGB_Resampler:pixel_rgb_resampler|stream_out_data[10]      ; post-fitting ; missing   ; Top            ; post-synthesis    ; GND                                                                                              ; A newer post-synthesis netlist was used.  Recompile again after fitting to succesfully tap the signal. ;
; SOPC_Video:NiosVideo|SOPC_Video_Pixel_RGB_Resampler:pixel_rgb_resampler|stream_out_data[11]      ; post-fitting ; missing   ; Top            ; post-synthesis    ; GND                                                                                              ; A newer post-synthesis netlist was used.  Recompile again after fitting to succesfully tap the signal. ;
; SOPC_Video:NiosVideo|SOPC_Video_Pixel_RGB_Resampler:pixel_rgb_resampler|stream_out_data[12]      ; post-fitting ; missing   ; Top            ; post-synthesis    ; GND                                                                                              ; A newer post-synthesis netlist was used.  Recompile again after fitting to succesfully tap the signal. ;
; SOPC_Video:NiosVideo|SOPC_Video_Pixel_RGB_Resampler:pixel_rgb_resampler|stream_out_data[13]      ; post-fitting ; missing   ; Top            ; post-synthesis    ; GND                                                                                              ; A newer post-synthesis netlist was used.  Recompile again after fitting to succesfully tap the signal. ;
; SOPC_Video:NiosVideo|SOPC_Video_Pixel_RGB_Resampler:pixel_rgb_resampler|stream_out_data[14]      ; post-fitting ; missing   ; Top            ; post-synthesis    ; GND                                                                                              ; A newer post-synthesis netlist was used.  Recompile again after fitting to succesfully tap the signal. ;
; SOPC_Video:NiosVideo|SOPC_Video_Pixel_RGB_Resampler:pixel_rgb_resampler|stream_out_data[15]      ; post-fitting ; missing   ; Top            ; post-synthesis    ; GND                                                                                              ; A newer post-synthesis netlist was used.  Recompile again after fitting to succesfully tap the signal. ;
; SOPC_Video:NiosVideo|SOPC_Video_Pixel_RGB_Resampler:pixel_rgb_resampler|stream_out_data[16]      ; post-fitting ; missing   ; Top            ; post-synthesis    ; GND                                                                                              ; A newer post-synthesis netlist was used.  Recompile again after fitting to succesfully tap the signal. ;
; SOPC_Video:NiosVideo|SOPC_Video_Pixel_RGB_Resampler:pixel_rgb_resampler|stream_out_data[17]      ; post-fitting ; missing   ; Top            ; post-synthesis    ; GND                                                                                              ; A newer post-synthesis netlist was used.  Recompile again after fitting to succesfully tap the signal. ;
; SOPC_Video:NiosVideo|SOPC_Video_Pixel_RGB_Resampler:pixel_rgb_resampler|stream_out_data[18]      ; post-fitting ; missing   ; Top            ; post-synthesis    ; GND                                                                                              ; A newer post-synthesis netlist was used.  Recompile again after fitting to succesfully tap the signal. ;
; SOPC_Video:NiosVideo|SOPC_Video_Pixel_RGB_Resampler:pixel_rgb_resampler|stream_out_data[19]      ; post-fitting ; missing   ; Top            ; post-synthesis    ; GND                                                                                              ; A newer post-synthesis netlist was used.  Recompile again after fitting to succesfully tap the signal. ;
; SOPC_Video:NiosVideo|SOPC_Video_Pixel_RGB_Resampler:pixel_rgb_resampler|stream_out_data[1]       ; post-fitting ; connected ; Top            ; post-synthesis    ; SOPC_Video:NiosVideo|SOPC_Video_Pixel_RGB_Resampler:pixel_rgb_resampler|stream_out_data[1]       ; N/A                                                                                                    ;
; SOPC_Video:NiosVideo|SOPC_Video_Pixel_RGB_Resampler:pixel_rgb_resampler|stream_out_data[20]      ; post-fitting ; missing   ; Top            ; post-synthesis    ; GND                                                                                              ; A newer post-synthesis netlist was used.  Recompile again after fitting to succesfully tap the signal. ;
; SOPC_Video:NiosVideo|SOPC_Video_Pixel_RGB_Resampler:pixel_rgb_resampler|stream_out_data[21]      ; post-fitting ; missing   ; Top            ; post-synthesis    ; GND                                                                                              ; A newer post-synthesis netlist was used.  Recompile again after fitting to succesfully tap the signal. ;
; SOPC_Video:NiosVideo|SOPC_Video_Pixel_RGB_Resampler:pixel_rgb_resampler|stream_out_data[22]      ; post-fitting ; missing   ; Top            ; post-synthesis    ; GND                                                                                              ; A newer post-synthesis netlist was used.  Recompile again after fitting to succesfully tap the signal. ;
; SOPC_Video:NiosVideo|SOPC_Video_Pixel_RGB_Resampler:pixel_rgb_resampler|stream_out_data[23]      ; post-fitting ; missing   ; Top            ; post-synthesis    ; GND                                                                                              ; A newer post-synthesis netlist was used.  Recompile again after fitting to succesfully tap the signal. ;
; SOPC_Video:NiosVideo|SOPC_Video_Pixel_RGB_Resampler:pixel_rgb_resampler|stream_out_data[24]      ; post-fitting ; missing   ; Top            ; post-synthesis    ; GND                                                                                              ; A newer post-synthesis netlist was used.  Recompile again after fitting to succesfully tap the signal. ;
; SOPC_Video:NiosVideo|SOPC_Video_Pixel_RGB_Resampler:pixel_rgb_resampler|stream_out_data[25]      ; post-fitting ; missing   ; Top            ; post-synthesis    ; GND                                                                                              ; A newer post-synthesis netlist was used.  Recompile again after fitting to succesfully tap the signal. ;
; SOPC_Video:NiosVideo|SOPC_Video_Pixel_RGB_Resampler:pixel_rgb_resampler|stream_out_data[26]      ; post-fitting ; missing   ; Top            ; post-synthesis    ; GND                                                                                              ; A newer post-synthesis netlist was used.  Recompile again after fitting to succesfully tap the signal. ;
; SOPC_Video:NiosVideo|SOPC_Video_Pixel_RGB_Resampler:pixel_rgb_resampler|stream_out_data[27]      ; post-fitting ; missing   ; Top            ; post-synthesis    ; GND                                                                                              ; A newer post-synthesis netlist was used.  Recompile again after fitting to succesfully tap the signal. ;
; SOPC_Video:NiosVideo|SOPC_Video_Pixel_RGB_Resampler:pixel_rgb_resampler|stream_out_data[28]      ; post-fitting ; missing   ; Top            ; post-synthesis    ; GND                                                                                              ; A newer post-synthesis netlist was used.  Recompile again after fitting to succesfully tap the signal. ;
; SOPC_Video:NiosVideo|SOPC_Video_Pixel_RGB_Resampler:pixel_rgb_resampler|stream_out_data[29]      ; post-fitting ; missing   ; Top            ; post-synthesis    ; GND                                                                                              ; A newer post-synthesis netlist was used.  Recompile again after fitting to succesfully tap the signal. ;
; SOPC_Video:NiosVideo|SOPC_Video_Pixel_RGB_Resampler:pixel_rgb_resampler|stream_out_data[2]       ; post-fitting ; connected ; Top            ; post-synthesis    ; SOPC_Video:NiosVideo|SOPC_Video_Pixel_RGB_Resampler:pixel_rgb_resampler|stream_out_data[2]       ; N/A                                                                                                    ;
; SOPC_Video:NiosVideo|SOPC_Video_Pixel_RGB_Resampler:pixel_rgb_resampler|stream_out_data[3]       ; post-fitting ; connected ; Top            ; post-synthesis    ; SOPC_Video:NiosVideo|SOPC_Video_Pixel_RGB_Resampler:pixel_rgb_resampler|stream_out_data[3]       ; N/A                                                                                                    ;
; SOPC_Video:NiosVideo|SOPC_Video_Pixel_RGB_Resampler:pixel_rgb_resampler|stream_out_data[4]       ; post-fitting ; connected ; Top            ; post-synthesis    ; SOPC_Video:NiosVideo|SOPC_Video_Pixel_RGB_Resampler:pixel_rgb_resampler|stream_out_data[4]       ; N/A                                                                                                    ;
; SOPC_Video:NiosVideo|SOPC_Video_Pixel_RGB_Resampler:pixel_rgb_resampler|stream_out_data[5]       ; post-fitting ; connected ; Top            ; post-synthesis    ; SOPC_Video:NiosVideo|SOPC_Video_Pixel_RGB_Resampler:pixel_rgb_resampler|stream_out_data[5]       ; N/A                                                                                                    ;
; SOPC_Video:NiosVideo|SOPC_Video_Pixel_RGB_Resampler:pixel_rgb_resampler|stream_out_data[6]       ; post-fitting ; connected ; Top            ; post-synthesis    ; SOPC_Video:NiosVideo|SOPC_Video_Pixel_RGB_Resampler:pixel_rgb_resampler|stream_out_data[6]       ; N/A                                                                                                    ;
; SOPC_Video:NiosVideo|SOPC_Video_Pixel_RGB_Resampler:pixel_rgb_resampler|stream_out_data[7]       ; post-fitting ; connected ; Top            ; post-synthesis    ; SOPC_Video:NiosVideo|SOPC_Video_Pixel_RGB_Resampler:pixel_rgb_resampler|stream_out_data[7]       ; N/A                                                                                                    ;
; SOPC_Video:NiosVideo|SOPC_Video_Pixel_RGB_Resampler:pixel_rgb_resampler|stream_out_data[8]       ; post-fitting ; missing   ; Top            ; post-synthesis    ; GND                                                                                              ; A newer post-synthesis netlist was used.  Recompile again after fitting to succesfully tap the signal. ;
; SOPC_Video:NiosVideo|SOPC_Video_Pixel_RGB_Resampler:pixel_rgb_resampler|stream_out_data[9]       ; post-fitting ; missing   ; Top            ; post-synthesis    ; GND                                                                                              ; A newer post-synthesis netlist was used.  Recompile again after fitting to succesfully tap the signal. ;
; SOPC_Video:NiosVideo|SOPC_Video_Pixel_RGB_Resampler:pixel_rgb_resampler|stream_out_startofpacket ; post-fitting ; connected ; Top            ; post-synthesis    ; SOPC_Video:NiosVideo|SOPC_Video_Pixel_RGB_Resampler:pixel_rgb_resampler|stream_out_startofpacket ; N/A                                                                                                    ;
; SOPC_Video:NiosVideo|SOPC_Video_Pixel_RGB_Resampler:pixel_rgb_resampler|stream_out_startofpacket ; post-fitting ; connected ; Top            ; post-synthesis    ; SOPC_Video:NiosVideo|SOPC_Video_Pixel_RGB_Resampler:pixel_rgb_resampler|stream_out_startofpacket ; N/A                                                                                                    ;
+--------------------------------------------------------------------------------------------------+--------------+-----------+----------------+-------------------+--------------------------------------------------------------------------------------------------+--------------------------------------------------------------------------------------------------------+


+-------------------------------------------------------------------------------------------------------------------------------------------+
; Partition Merge Partition Statistics                                                                                                      ;
+---------------------------------------------+--------+------------------+--------------------------------+--------------------------------+
; Statistic                                   ; Top    ; sld_hub:auto_hub ; sld_signaltap:auto_signaltap_0 ; hard_block:auto_generated_inst ;
+---------------------------------------------+--------+------------------+--------------------------------+--------------------------------+
; Estimated Total logic elements              ; 8428   ; 228              ; 508                            ; 0                              ;
;                                             ;        ;                  ;                                ;                                ;
; Total combinational functions               ; 6892   ; 212              ; 250                            ; 0                              ;
; Logic element usage by number of LUT inputs ;        ;                  ;                                ;                                ;
;     -- 4 input functions                    ; 3492   ; 85               ; 72                             ; 0                              ;
;     -- 3 input functions                    ; 1997   ; 86               ; 109                            ; 0                              ;
;     -- <=2 input functions                  ; 1403   ; 41               ; 69                             ; 0                              ;
;                                             ;        ;                  ;                                ;                                ;
; Logic elements by mode                      ;        ;                  ;                                ;                                ;
;     -- normal mode                          ; 5991   ; 203              ; 210                            ; 0                              ;
;     -- arithmetic mode                      ; 901    ; 9                ; 40                             ; 0                              ;
;                                             ;        ;                  ;                                ;                                ;
; Total registers                             ; 4948   ; 130              ; 423                            ; 0                              ;
;     -- Dedicated logic registers            ; 4948   ; 130              ; 423                            ; 0                              ;
;                                             ;        ;                  ;                                ;                                ;
; Virtual pins                                ; 0      ; 0                ; 0                              ; 0                              ;
; I/O pins                                    ; 205    ; 0                ; 0                              ; 0                              ;
; Embedded Multiplier 9-bit elements          ; 7      ; 0                ; 0                              ; 0                              ;
; Total memory bits                           ; 173696 ; 0                ; 7936                           ; 0                              ;
; Total RAM block bits                        ; 0      ; 0                ; 0                              ; 0                              ;
; JTAG                                        ; 1      ; 0                ; 0                              ; 0                              ;
; PLL                                         ; 0      ; 0                ; 0                              ; 1                              ;
;                                             ;        ;                  ;                                ;                                ;
; Connections                                 ;        ;                  ;                                ;                                ;
;     -- Input Connections                    ; 5382   ; 196              ; 650                            ; 1                              ;
;     -- Registered Input Connections         ; 4995   ; 140              ; 475                            ; 0                              ;
;     -- Output Connections                   ; 804    ; 310              ; 1                              ; 5114                           ;
;     -- Registered Output Connections        ; 14     ; 309              ; 0                              ; 0                              ;
;                                             ;        ;                  ;                                ;                                ;
; Internal Connections                        ;        ;                  ;                                ;                                ;
;     -- Total Connections                    ; 45266  ; 1438             ; 2605                           ; 5115                           ;
;     -- Registered Connections               ; 26214  ; 1033             ; 1771                           ; 0                              ;
;                                             ;        ;                  ;                                ;                                ;
; External Connections                        ;        ;                  ;                                ;                                ;
;     -- Top                                  ; 192    ; 358              ; 521                            ; 5115                           ;
;     -- sld_hub:auto_hub                     ; 358    ; 18               ; 130                            ; 0                              ;
;     -- sld_signaltap:auto_signaltap_0       ; 521    ; 130              ; 0                              ; 0                              ;
;     -- hard_block:auto_generated_inst       ; 5115   ; 0                ; 0                              ; 0                              ;
;                                             ;        ;                  ;                                ;                                ;
; Partition Interface                         ;        ;                  ;                                ;                                ;
;     -- Input Ports                          ; 64     ; 39               ; 89                             ; 1                              ;
;     -- Output Ports                         ; 120    ; 55               ; 42                             ; 4                              ;
;     -- Bidir Ports                          ; 68     ; 0                ; 0                              ; 0                              ;
;                                             ;        ;                  ;                                ;                                ;
; Registered Ports                            ;        ;                  ;                                ;                                ;
;     -- Registered Input Ports               ; 0      ; 3                ; 37                             ; 0                              ;
;     -- Registered Output Ports              ; 0      ; 44               ; 33                             ; 0                              ;
;                                             ;        ;                  ;                                ;                                ;
; Port Connectivity                           ;        ;                  ;                                ;                                ;
;     -- Input Ports driven by GND            ; 0      ; 16               ; 22                             ; 0                              ;
;     -- Output Ports driven by GND           ; 0      ; 1                ; 0                              ; 0                              ;
;     -- Input Ports driven by VCC            ; 0      ; 0                ; 0                              ; 0                              ;
;     -- Output Ports driven by VCC           ; 0      ; 0                ; 0                              ; 0                              ;
;     -- Input Ports with no Source           ; 0      ; 1                ; 35                             ; 0                              ;
;     -- Output Ports with no Source          ; 0      ; 0                ; 0                              ; 0                              ;
;     -- Input Ports with no Fanout           ; 0      ; 2                ; 40                             ; 0                              ;
;     -- Output Ports with no Fanout          ; 0      ; 27               ; 33                             ; 0                              ;
+---------------------------------------------+--------+------------------+--------------------------------+--------------------------------+
Note: Resource usage numbers presented for Partitions containing post-synthesis logic are estimates.  For Partitions containing post-fit logic, resource usage numbers are accurate based on previous placement information.  Actual Fitter results may vary depending on current Fitter Preservation Level assignments.


+--------------------------------------------------------------------------------------------------------------------------------------------------+
; Partition Merge Resource Usage Summary                                                                                                           ;
+---------------------------------------------+----------------------------------------------------------------------------------------------------+
; Resource                                    ; Usage                                                                                              ;
+---------------------------------------------+----------------------------------------------------------------------------------------------------+
; Estimated Total logic elements              ; 9,163                                                                                              ;
;                                             ;                                                                                                    ;
; Total combinational functions               ; 7354                                                                                               ;
; Logic element usage by number of LUT inputs ;                                                                                                    ;
;     -- 4 input functions                    ; 3649                                                                                               ;
;     -- 3 input functions                    ; 2192                                                                                               ;
;     -- <=2 input functions                  ; 1513                                                                                               ;
;                                             ;                                                                                                    ;
; Logic elements by mode                      ;                                                                                                    ;
;     -- normal mode                          ; 6404                                                                                               ;
;     -- arithmetic mode                      ; 950                                                                                                ;
;                                             ;                                                                                                    ;
; Total registers                             ; 5501                                                                                               ;
;     -- Dedicated logic registers            ; 5501                                                                                               ;
;     -- I/O registers                        ; 0                                                                                                  ;
;                                             ;                                                                                                    ;
; I/O pins                                    ; 205                                                                                                ;
; Total memory bits                           ; 181632                                                                                             ;
; Embedded Multiplier 9-bit elements          ; 7                                                                                                  ;
; Total PLLs                                  ; 1                                                                                                  ;
;     -- PLLs                                 ; 1                                                                                                  ;
;                                             ;                                                                                                    ;
; Maximum fan-out node                        ; SOPC_Video:NiosVideo|SOPC_Video_Clock_Signals:clock_signals|altpll:DE_Clock_Generator_System|_clk0 ;
; Maximum fan-out                             ; 5018                                                                                               ;
; Total fan-out                               ; 47860                                                                                              ;
; Average fan-out                             ; 3.58                                                                                               ;
+---------------------------------------------+----------------------------------------------------------------------------------------------------+


+---------------------------------------------------------------------------------------------------------------------------------------------------------------------------------------------------------------------------------------------------------------------------------------------------------------------------------------------------------------------------------------------------------------------------------------------+
; Partition Merge RAM Summary                                                                                                                                                                                                                                                                                                                                                                                                                 ;
+-------------------------------------------------------------------------------------------------------------------------------------------------------------------------------------------------------------------------------------------------------------------------------------------------+------+------------------+--------------+--------------+--------------+--------------+--------+--------------------------------------------+
; Name                                                                                                                                                                                                                                                                                            ; Type ; Mode             ; Port A Depth ; Port A Width ; Port B Depth ; Port B Width ; Size   ; MIF                                        ;
+-------------------------------------------------------------------------------------------------------------------------------------------------------------------------------------------------------------------------------------------------------------------------------------------------+------+------------------+--------------+--------------+--------------+--------------+--------+--------------------------------------------+
; SOPC_Video:NiosVideo|Altera_UP_SD_Card_Avalon_Interface:altera_up_sd_card_avalon_interface_0|Altera_UP_SD_Card_Interface:SD_Card_Port|Altera_UP_SD_Card_Buffer:data_line|Altera_UP_SD_Card_Memory_Block:packet_memory|altsyncram:altsyncram_component|altsyncram_7n92:auto_generated|ALTSYNCRAM ; AUTO ; True Dual Port   ; 256          ; 16           ; 4096         ; 1            ; 4096   ; None                                       ;
; SOPC_Video:NiosVideo|SOPC_Video_CPU:cpu|SOPC_Video_CPU_nios2_oci:the_SOPC_Video_CPU_nios2_oci|SOPC_Video_CPU_nios2_ocimem:the_SOPC_Video_CPU_nios2_ocimem|SOPC_Video_CPU_ociram_sp_ram_module:SOPC_Video_CPU_ociram_sp_ram|altsyncram:the_altsyncram|altsyncram_un71:auto_generated|ALTSYNCRAM  ; AUTO ; Single Port      ; 256          ; 32           ; --           ; --           ; 8192   ; SOPC_Video_CPU_ociram_default_contents.mif ;
; SOPC_Video:NiosVideo|SOPC_Video_CPU:cpu|SOPC_Video_CPU_register_bank_a_module:SOPC_Video_CPU_register_bank_a|altsyncram:the_altsyncram|altsyncram_qag1:auto_generated|ALTSYNCRAM                                                                                                                ; AUTO ; Simple Dual Port ; 32           ; 32           ; 32           ; 32           ; 1024   ; SOPC_Video_CPU_rf_ram_a.mif                ;
; SOPC_Video:NiosVideo|SOPC_Video_CPU:cpu|SOPC_Video_CPU_register_bank_b_module:SOPC_Video_CPU_register_bank_b|altsyncram:the_altsyncram|altsyncram_rag1:auto_generated|ALTSYNCRAM                                                                                                                ; AUTO ; Simple Dual Port ; 32           ; 32           ; 32           ; 32           ; 1024   ; SOPC_Video_CPU_rf_ram_b.mif                ;
; SOPC_Video:NiosVideo|SOPC_Video_Dual_Clock_FIFO:dual_clock_fifo|dcfifo:Data_FIFO|dcfifo_5oj1:auto_generated|altsyncram_7ku:fifo_ram|ALTSYNCRAM                                                                                                                                                  ; AUTO ; Simple Dual Port ; 128          ; 32           ; 128          ; 32           ; 4096   ; None                                       ;
; SOPC_Video:NiosVideo|SOPC_Video_Onchip_Memory:onchip_memory|altsyncram:the_altsyncram|altsyncram_i2d1:auto_generated|ALTSYNCRAM                                                                                                                                                                 ; AUTO ; Single Port      ; 4096         ; 32           ; --           ; --           ; 131072 ; SOPC_Video_Onchip_Memory.hex               ;
; SOPC_Video:NiosVideo|SOPC_Video_Pixel_Buffer_DMA:pixel_buffer_dma|scfifo:Image_Buffer|scfifo_vv91:auto_generated|a_dpfifo_kn31:dpfifo|altsyncram_jc81:FIFOram|ALTSYNCRAM                                                                                                                        ; AUTO ; Simple Dual Port ; 128          ; 10           ; 128          ; 10           ; 1280   ; None                                       ;
; SOPC_Video:NiosVideo|SOPC_Video_Video_In_Decoder:video_in_decoder|altera_up_video_dual_clock_fifo:Video_In_Dual_Clock_FIFO|dcfifo:dcfifo_component|dcfifo_12l1:auto_generated|altsyncram_vju:fifo_ram|ALTSYNCRAM                                                                                ; AUTO ; Simple Dual Port ; 128          ; 10           ; 128          ; 10           ; 1280   ; None                                       ;
; SOPC_Video:NiosVideo|SOPC_Video_jtag_uart_0:jtag_uart_0|SOPC_Video_jtag_uart_0_scfifo_r:the_SOPC_Video_jtag_uart_0_scfifo_r|scfifo:rfifo|scfifo_1n21:auto_generated|a_dpfifo_8t21:dpfifo|dpram_5h21:FIFOram|altsyncram_9tl1:altsyncram2|ALTSYNCRAM                                              ; AUTO ; Simple Dual Port ; 64           ; 8            ; 64           ; 8            ; 512    ; None                                       ;
; SOPC_Video:NiosVideo|SOPC_Video_jtag_uart_0:jtag_uart_0|SOPC_Video_jtag_uart_0_scfifo_w:the_SOPC_Video_jtag_uart_0_scfifo_w|scfifo:wfifo|scfifo_1n21:auto_generated|a_dpfifo_8t21:dpfifo|dpram_5h21:FIFOram|altsyncram_9tl1:altsyncram2|ALTSYNCRAM                                              ; AUTO ; Simple Dual Port ; 64           ; 8            ; 64           ; 8            ; 512    ; None                                       ;
; SOPC_Video:NiosVideo|SOPC_Video_video_bayer_resampler:video_bayer_resampler|altshift_taps:bayern_pattern_shift_reg|shift_taps_tor:auto_generated|altsyncram_6fa1:altsyncram2|ALTSYNCRAM                                                                                                         ; M4K  ; Simple Dual Port ; 2590         ; 8            ; 2590         ; 8            ; 20720  ; None                                       ;
; SOPC_Video:NiosVideo|fpoint_wrapper:nios_custom_instr_floating_point_0|fpoint_qsys:fpoint_instance|fpoint_qsys_addsub_single:the_fp_addsub|altshift_taps:man_res_is_not_zero_dffe31_rtl_0|shift_taps_e1n:auto_generated|altsyncram_p461:altsyncram4|ALTSYNCRAM                                  ; AUTO ; Simple Dual Port ; 3            ; 48           ; 3            ; 48           ; 144    ; None                                       ;
; sld_signaltap:auto_signaltap_0|sld_signaltap_impl:sld_signaltap_body|sld_signaltap_implb:sld_signaltap_body|altsyncram:\stp_non_zero_ram_gen:stp_buffer_ram|altsyncram_op14:auto_generated|altsyncram_0eq1:altsyncram1|ALTSYNCRAM                                                               ; AUTO ; True Dual Port   ; 256          ; 31           ; 256          ; 31           ; 7936   ; None                                       ;
+-------------------------------------------------------------------------------------------------------------------------------------------------------------------------------------------------------------------------------------------------------------------------------------------------+------+------------------+--------------+--------------+--------------+--------------+--------+--------------------------------------------+


+-----------------------------------------------------+
; Partition Merge DSP Block Usage Summary             ;
+---------------------------------------+-------------+
; Statistic                             ; Number Used ;
+---------------------------------------+-------------+
; Simple Multipliers (9-bit)            ; 1           ;
; Simple Multipliers (18-bit)           ; 3           ;
; Embedded Multiplier Blocks            ; --          ;
; Embedded Multiplier 9-bit elements    ; 7           ;
; Signed Embedded Multipliers           ; 0           ;
; Unsigned Embedded Multipliers         ; 4           ;
; Mixed Sign Embedded Multipliers       ; 0           ;
; Variable Sign Embedded Multipliers    ; 0           ;
; Dedicated Input Shift Register Chains ; 0           ;
+---------------------------------------+-------------+
Note: number of Embedded Multiplier Blocks used is only available after a successful fit.


+--------------------------+
; Partition Merge Messages ;
+--------------------------+
Info: *******************************************************************
Info: Running Quartus II 32-bit Partition Merge
    Info: Version 13.0.1 Build 232 06/12/2013 Service Pack 1 SJ Web Edition
    Info: Processing started: Thu Mar 31 14:02:11 2016
Info: Command: quartus_cdb --read_settings_files=off --write_settings_files=off SOPC_edge -c SOPC_edge --merge=on
Warning (35010): Previously generated Fitter netlist for partition "Top" is older than current Synthesis netlist -- using the current Synthesis netlist instead to ensure that the latest source changes are included
    Info (35011): Set the option to Ignore source file changes to force the Quartus II software to always use a previously generated Fitter netlist
Info (35007): Using synthesis netlist for partition "Top"
Info (35007): Using synthesis netlist for partition "sld_hub:auto_hub"
Info (35007): Using synthesis netlist for partition "sld_signaltap:auto_signaltap_0"
Critical Warning (35025): Partially connected in-system debug instance "auto_signaltap_0" to 11 of its 33 required data inputs, trigger inputs, acquisition clocks, and dynamic pins.  There were 0 illegal, 0 inaccessible, and 22 missing sources or connections.
Info (35002): Resolved and merged 3 partition(s)
Info (16010): Generating hard_block partition "hard_block:auto_generated_inst"
    Info (16011): Adding 1 node(s), including 0 DDIO, 1 PLL, 0 transceiver and 0 LCELL
Warning (21074): Design contains 11 input pin(s) that do not drive logic
    Warning (15610): No output dependent on input pin "CLOCK_27"
    Warning (15610): No output dependent on input pin "KEY[3]"
    Warning (15610): No output dependent on input pin "SW[0]"
    Warning (15610): No output dependent on input pin "SW[10]"
    Warning (15610): No output dependent on input pin "SW[11]"
    Warning (15610): No output dependent on input pin "SW[12]"
    Warning (15610): No output dependent on input pin "SW[13]"
    Warning (15610): No output dependent on input pin "SW[14]"
    Warning (15610): No output dependent on input pin "SW[15]"
    Warning (15610): No output dependent on input pin "SW[16]"
    Warning (15610): No output dependent on input pin "SW[17]"
Info (21057): Implemented 10108 device resources after synthesis - the final resource count might be different
    Info (21058): Implemented 27 input pins
    Info (21059): Implemented 114 output pins
    Info (21060): Implemented 68 bidirectional pins
    Info (21061): Implemented 9608 logic cells
    Info (21064): Implemented 282 RAM segments
    Info (21065): Implemented 1 PLLs
    Info (21062): Implemented 7 DSP elements
Info: Quartus II 32-bit Partition Merge was successful. 0 errors, 14 warnings
    Info: Peak virtual memory: 394 megabytes
    Info: Processing ended: Thu Mar 31 14:02:19 2016
    Info: Elapsed time: 00:00:08
    Info: Total CPU time (on all processors): 00:00:06


