Flow report for SOPC_edge
Thu Mar 31 14:04:04 2016
Quartus II 32-bit Version 13.0.1 Build 232 06/12/2013 Service Pack 1 SJ Web Edition


---------------------
; Table of Contents ;
---------------------
  1. Legal Notice
  2. Flow Summary
  3. Flow Settings
  4. Flow Non-Default Global Settings
  5. Flow Elapsed Time
  6. Flow OS Summary
  7. Flow Log
  8. Flow Messages
  9. Flow Suppressed Messages



----------------
; Legal Notice ;
----------------
Copyright (C) 1991-2013 Altera Corporation
Your use of Altera Corporation's design tools, logic functions 
and other software and tools, and its AMPP partner logic 
functions, and any output files from any of the foregoing 
(including device programming or simulation files), and any 
associated documentation or information are expressly subject 
to the terms and conditions of the Altera Program License 
Subscription Agreement, Altera MegaCore Function License 
Agreement, or other applicable license agreement, including, 
without limitation, that your use is for the sole purpose of 
programming logic devices manufactured by Altera and sold by 
Altera or its authorized distributors.  Please refer to the 
applicable agreement for further details.



+--------------------------------------------------------------------------------------+
; Flow Summary                                                                         ;
+------------------------------------+-------------------------------------------------+
; Flow Status                        ; Successful - Thu Mar 31 14:04:04 2016           ;
; Quartus II 32-bit Version          ; 13.0.1 Build 232 06/12/2013 SP 1 SJ Web Edition ;
; Revision Name                      ; SOPC_edge                                       ;
; Top-level Entity Name              ; Video_Edge_Detection                            ;
; Family                             ; Cyclone II                                      ;
; Device                             ; EP2C35F672C6                                    ;
; Timing Models                      ; Final                                           ;
; Total logic elements               ; 8,456 / 33,216 ( 25 % )                         ;
;     Total combinational functions  ; 7,365 / 33,216 ( 22 % )                         ;
;     Dedicated logic registers      ; 5,451 / 33,216 ( 16 % )                         ;
; Total registers                    ; 5519                                            ;
; Total pins                         ; 205 / 475 ( 43 % )                              ;
; Total virtual pins                 ; 0                                               ;
; Total memory bits                  ; 181,632 / 483,840 ( 38 % )                      ;
; Embedded Multiplier 9-bit elements ; 7 / 70 ( 10 % )                                 ;
; Total PLLs                         ; 1 / 4 ( 25 % )                                  ;
+------------------------------------+-------------------------------------------------+


+-----------------------------------------+
; Flow Settings                           ;
+-------------------+---------------------+
; Option            ; Setting             ;
+-------------------+---------------------+
; Start date & time ; 03/31/2016 13:51:54 ;
; Main task         ; Compilation         ;
; Revision Name     ; SOPC_edge           ;
+-------------------+---------------------+


+----------------------------------------------------------------------------------------------------------------------------------------------------------------------------------------------------------------------------------------+
; Flow Non-Default Global Settings                                                                                                                                                                                                       ;
+-------------------------------------+----------------------------------------------------------------------------------------------------------------------------------------+---------------+----------------------+------------------+
; Assignment Name                     ; Value                                                                                                                                  ; Default Value ; Entity Name          ; Section Id       ;
+-------------------------------------+----------------------------------------------------------------------------------------------------------------------------------------+---------------+----------------------+------------------+
; COMPILER_SIGNATURE_ID               ; 121367230331.145942511205048                                                                                                           ; --            ; --                   ; --               ;
; EDA_OUTPUT_DATA_FORMAT              ; Vhdl                                                                                                                                   ; --            ; --                   ; eda_simulation   ;
; EDA_SIMULATION_TOOL                 ; ModelSim-Altera (VHDL)                                                                                                                 ; <None>        ; --                   ; --               ;
; ENABLE_SIGNALTAP                    ; On                                                                                                                                     ; --            ; --                   ; --               ;
; MAX_CORE_JUNCTION_TEMP              ; 85                                                                                                                                     ; --            ; --                   ; --               ;
; MIN_CORE_JUNCTION_TEMP              ; 0                                                                                                                                      ; --            ; --                   ; --               ;
; NUM_PARALLEL_PROCESSORS             ; All                                                                                                                                    ; --            ; --                   ; --               ;
; PARTITION_COLOR                     ; 16764057                                                                                                                               ; --            ; Video_Edge_Detection ; Top              ;
; PARTITION_FITTER_PRESERVATION_LEVEL ; PLACEMENT_AND_ROUTING                                                                                                                  ; --            ; Video_Edge_Detection ; Top              ;
; PARTITION_NETLIST_TYPE              ; POST_FIT                                                                                                                               ; --            ; Video_Edge_Detection ; Top              ;
; POWER_BOARD_THERMAL_MODEL           ; None (CONSERVATIVE)                                                                                                                    ; --            ; --                   ; --               ;
; POWER_PRESET_COOLING_SOLUTION       ; 23 MM HEAT SINK WITH 200 LFPM AIRFLOW                                                                                                  ; --            ; --                   ; --               ;
; PROJECT_OUTPUT_DIRECTORY            ; output_files                                                                                                                           ; --            ; --                   ; --               ;
; SEARCH_PATH                         ; SOPC_Video/synthesis/                                                                                                                  ; --            ; --                   ; --               ;
; SEARCH_PATH                         ; SOPC_Video/synthesis/submodules/                                                                                                       ; --            ; --                   ; --               ;
; SEARCH_PATH                         ; output_files/                                                                                                                          ; --            ; --                   ; --               ;
; SEARCH_PATH                         ; EdgeDetection/                                                                                                                         ; --            ; --                   ; --               ;
; SLD_FILE                            ; Y:/Desktop/ETDSPC/BarCode_pixel_scan/SOPC_edge/my_signal_tap_auto_stripped.stp                                                         ; --            ; --                   ; --               ;
; SLD_NODE_CREATOR_ID                 ; 110                                                                                                                                    ; --            ; --                   ; auto_signaltap_0 ;
; SLD_NODE_ENTITY_NAME                ; sld_signaltap                                                                                                                          ; --            ; --                   ; auto_signaltap_0 ;
; SLD_NODE_PARAMETER_ASSIGNMENT       ; SLD_NODE_INFO=805334528                                                                                                                ; --            ; --                   ; auto_signaltap_0 ;
; SLD_NODE_PARAMETER_ASSIGNMENT       ; SLD_POWER_UP_TRIGGER=0                                                                                                                 ; --            ; --                   ; auto_signaltap_0 ;
; SLD_NODE_PARAMETER_ASSIGNMENT       ; SLD_STORAGE_QUALIFIER_INVERSION_MASK_LENGTH=0                                                                                          ; --            ; --                   ; auto_signaltap_0 ;
; SLD_NODE_PARAMETER_ASSIGNMENT       ; SLD_ATTRIBUTE_MEM_MODE=OFF                                                                                                             ; --            ; --                   ; auto_signaltap_0 ;
; SLD_NODE_PARAMETER_ASSIGNMENT       ; SLD_STATE_FLOW_USE_GENERATED=0                                                                                                         ; --            ; --                   ; auto_signaltap_0 ;
; SLD_NODE_PARAMETER_ASSIGNMENT       ; SLD_STATE_BITS=11                                                                                                                      ; --            ; --                   ; auto_signaltap_0 ;
; SLD_NODE_PARAMETER_ASSIGNMENT       ; SLD_BUFFER_FULL_STOP=1                                                                                                                 ; --            ; --                   ; auto_signaltap_0 ;
; SLD_NODE_PARAMETER_ASSIGNMENT       ; SLD_CURRENT_RESOURCE_WIDTH=1                                                                                                           ; --            ; --                   ; auto_signaltap_0 ;
; SLD_NODE_PARAMETER_ASSIGNMENT       ; SLD_TRIGGER_LEVEL=1                                                                                                                    ; --            ; --                   ; auto_signaltap_0 ;
; SLD_NODE_PARAMETER_ASSIGNMENT       ; SLD_TRIGGER_IN_ENABLED=0                                                                                                               ; --            ; --                   ; auto_signaltap_0 ;
; SLD_NODE_PARAMETER_ASSIGNMENT       ; SLD_ADVANCED_TRIGGER_ENTITY=basic,1,                                                                                                   ; --            ; --                   ; auto_signaltap_0 ;
; SLD_NODE_PARAMETER_ASSIGNMENT       ; SLD_TRIGGER_LEVEL_PIPELINE=1                                                                                                           ; --            ; --                   ; auto_signaltap_0 ;
; SLD_NODE_PARAMETER_ASSIGNMENT       ; SLD_ENABLE_ADVANCED_TRIGGER=0                                                                                                          ; --            ; --                   ; auto_signaltap_0 ;
; SLD_NODE_PARAMETER_ASSIGNMENT       ; SLD_DATA_BITS=31                                                                                                                       ; --            ; --                   ; auto_signaltap_0 ;
; SLD_NODE_PARAMETER_ASSIGNMENT       ; SLD_TRIGGER_BITS=31                                                                                                                    ; --            ; --                   ; auto_signaltap_0 ;
; SLD_NODE_PARAMETER_ASSIGNMENT       ; SLD_NODE_CRC_LOWORD=51484                                                                                                              ; --            ; --                   ; auto_signaltap_0 ;
; SLD_NODE_PARAMETER_ASSIGNMENT       ; SLD_INVERSION_MASK=0000000000000000000000000000000000000000000000000000000000000000000000000000000000000000000000000000000000000000000 ; --            ; --                   ; auto_signaltap_0 ;
; SLD_NODE_PARAMETER_ASSIGNMENT       ; SLD_INVERSION_MASK_LENGTH=115                                                                                                          ; --            ; --                   ; auto_signaltap_0 ;
; SLD_NODE_PARAMETER_ASSIGNMENT       ; SLD_SEGMENT_SIZE=256                                                                                                                   ; --            ; --                   ; auto_signaltap_0 ;
; SLD_NODE_PARAMETER_ASSIGNMENT       ; SLD_NODE_CRC_HIWORD=26551                                                                                                              ; --            ; --                   ; auto_signaltap_0 ;
; SLD_NODE_PARAMETER_ASSIGNMENT       ; SLD_SAMPLE_DEPTH=256                                                                                                                   ; --            ; --                   ; auto_signaltap_0 ;
; TOP_LEVEL_ENTITY                    ; Video_Edge_Detection                                                                                                                   ; SOPC_edge     ; --                   ; --               ;
; USE_SIGNALTAP_FILE                  ; my_signal_tap.stp                                                                                                                      ; --            ; --                   ; --               ;
+-------------------------------------+----------------------------------------------------------------------------------------------------------------------------------------+---------------+----------------------+------------------+


+-------------------------------------------------------------------------------------------------------------------------------+
; Flow Elapsed Time                                                                                                             ;
+---------------------------+--------------+-------------------------+---------------------+------------------------------------+
; Module Name               ; Elapsed Time ; Average Processors Used ; Peak Virtual Memory ; Total CPU Time (on all processors) ;
+---------------------------+--------------+-------------------------+---------------------+------------------------------------+
; Analysis & Synthesis      ; 00:02:13     ; 1.0                     ; 536 MB              ; 00:02:02                           ;
; Partition Merge           ; 00:00:07     ; 1.0                     ; 382 MB              ; 00:00:06                           ;
; Fitter                    ; 00:01:10     ; 1.2                     ; 625 MB              ; 00:01:21                           ;
; Assembler                 ; 00:00:06     ; 1.0                     ; 379 MB              ; 00:00:05                           ;
; TimeQuest Timing Analyzer ; 00:00:09     ; 1.0                     ; 451 MB              ; 00:00:08                           ;
; EDA Netlist Writer        ; 00:00:15     ; 1.0                     ; 403 MB              ; 00:00:12                           ;
; Analysis & Synthesis      ; 00:02:25     ; 1.3                     ; 550 MB              ; 00:02:13                           ;
; Partition Merge           ; 00:00:07     ; 1.0                     ; 394 MB              ; 00:00:05                           ;
; Fitter                    ; 00:01:05     ; 1.2                     ; 643 MB              ; 00:01:13                           ;
; Assembler                 ; 00:00:06     ; 1.0                     ; 376 MB              ; 00:00:05                           ;
; TimeQuest Timing Analyzer ; 00:00:08     ; 1.0                     ; 463 MB              ; 00:00:08                           ;
; EDA Netlist Writer        ; 00:00:14     ; 1.0                     ; 414 MB              ; 00:00:11                           ;
; Total                     ; 00:08:05     ; --                      ; --                  ; 00:07:49                           ;
+---------------------------+--------------+-------------------------+---------------------+------------------------------------+


+----------------------------------------------------------------------------------------+
; Flow OS Summary                                                                        ;
+---------------------------+------------------+-----------+------------+----------------+
; Module Name               ; Machine Hostname ; OS Name   ; OS Version ; Processor type ;
+---------------------------+------------------+-----------+------------+----------------+
; Analysis & Synthesis      ; MICKKIRKEGA44A2  ; Windows 7 ; 6.1        ; i686           ;
; Partition Merge           ; MICKKIRKEGA44A2  ; Windows 7 ; 6.1        ; i686           ;
; Fitter                    ; MICKKIRKEGA44A2  ; Windows 7 ; 6.1        ; i686           ;
; Assembler                 ; MICKKIRKEGA44A2  ; Windows 7 ; 6.1        ; i686           ;
; TimeQuest Timing Analyzer ; MICKKIRKEGA44A2  ; Windows 7 ; 6.1        ; i686           ;
; EDA Netlist Writer        ; MICKKIRKEGA44A2  ; Windows 7 ; 6.1        ; i686           ;
; Analysis & Synthesis      ; MICKKIRKEGA44A2  ; Windows 7 ; 6.1        ; i686           ;
; Partition Merge           ; MICKKIRKEGA44A2  ; Windows 7 ; 6.1        ; i686           ;
; Fitter                    ; MICKKIRKEGA44A2  ; Windows 7 ; 6.1        ; i686           ;
; Assembler                 ; MICKKIRKEGA44A2  ; Windows 7 ; 6.1        ; i686           ;
; TimeQuest Timing Analyzer ; MICKKIRKEGA44A2  ; Windows 7 ; 6.1        ; i686           ;
; EDA Netlist Writer        ; MICKKIRKEGA44A2  ; Windows 7 ; 6.1        ; i686           ;
+---------------------------+------------------+-----------+------------+----------------+


------------
; Flow Log ;
------------
quartus_map --read_settings_files=on --write_settings_files=off SOPC_edge -c SOPC_edge
quartus_cdb --read_settings_files=off --write_settings_files=off SOPC_edge -c SOPC_edge --merge=on
quartus_fit --read_settings_files=off --write_settings_files=off SOPC_edge -c SOPC_edge
quartus_asm --read_settings_files=off --write_settings_files=off SOPC_edge -c SOPC_edge
quartus_sta SOPC_edge -c SOPC_edge
quartus_eda --read_settings_files=off --write_settings_files=off SOPC_edge -c SOPC_edge
quartus_map --read_settings_files=on --write_settings_files=off SOPC_edge -c SOPC_edge
quartus_cdb --read_settings_files=off --write_settings_files=off SOPC_edge -c SOPC_edge --merge=on
quartus_fit --read_settings_files=off --write_settings_files=off SOPC_edge -c SOPC_edge
quartus_asm --read_settings_files=off --write_settings_files=off SOPC_edge -c SOPC_edge
quartus_sta SOPC_edge -c SOPC_edge
quartus_eda --read_settings_files=off --write_settings_files=off SOPC_edge -c SOPC_edge



